# JRE version: 7.0_25-b16
# Java VM: Java HotSpot(TM) Client VM (23.25-b01 mixed mode, sharing windows-x86 )
Heap
 def new generation   total 4928K, used 4349K [0x243c0000, 0x24910000, 0x29910000)
  eden space 4416K,  92% used [0x243c0000, 0x247c18c8, 0x24810000)
  from space 512K,  48% used [0x24810000, 0x2484dc00, 0x24890000)
  to   space 512K,   0% used [0x24890000, 0x24890000, 0x24910000)
 tenured generation   total 10944K, used 2116K [0x29910000, 0x2a3c0000, 0x343c0000)
   the space 10944K,  19% used [0x29910000, 0x29b21290, 0x29b21400, 0x2a3c0000)
 compacting perm gen  total 12288K, used 1814K [0x343c0000, 0x34fc0000, 0x383c0000)
   the space 12288K,  14% used [0x343c0000, 0x34585920, 0x34585a00, 0x34fc0000)
    ro space 10240K,  45% used [0x383c0000, 0x38849b28, 0x38849c00, 0x38dc0000)
    rw space 12288K,  54% used [0x38dc0000, 0x3944d0e8, 0x3944d200, 0x399c0000)
GC Heap History (10 events):
Event: 4.754 GC heap before
{Heap before GC invocations=11 (full 0):
 def new generation   total 4928K, used 4579K [0x243c0000, 0x24910000, 0x29910000)
  eden space 4416K,  98% used [0x243c0000, 0x247fb110, 0x24810000)
  from space 512K,  48% used [0x24890000, 0x248cdc00, 0x24910000)
  to   space 512K,   0% used [0x24810000, 0x24810000, 0x24890000)
 tenured generation   total 10944K, used 2116K [0x29910000, 0x2a3c0000, 0x343c0000)
   the space 10944K,  19% used [0x29910000, 0x29b21290, 0x29b21400, 0x2a3c0000)
 compacting perm gen  total 12288K, used 1814K [0x343c0000, 0x34fc0000, 0x383c0000)
   the space 12288K,  14% used [0x343c0000, 0x34585910, 0x34585a00, 0x34fc0000)
    ro space 10240K,  45% used [0x383c0000, 0x38849b28, 0x38849c00, 0x38dc0000)
    rw space 12288K,  54% used [0x38dc0000, 0x3944d0e8, 0x3944d200, 0x399c0000)
Event: 4.754 GC heap after
Heap after GC invocations=12 (full 0):
 def new generation   total 4928K, used 247K [0x243c0000, 0x24910000, 0x29910000)
  eden space 4416K,   0% used [0x243c0000, 0x243c0000, 0x24810000)
  from space 512K,  48% used [0x24810000, 0x2484dc00, 0x24890000)
  to   space 512K,   0% used [0x24890000, 0x24890000, 0x24910000)
 tenured generation   total 10944K, used 2116K [0x29910000, 0x2a3c0000, 0x343c0000)
   the space 10944K,  19% used [0x29910000, 0x29b21290, 0x29b21400, 0x2a3c0000)
 compacting perm gen  total 12288K, used 1814K [0x343c0000, 0x34fc0000, 0x383c0000)
   the space 12288K,  14% used [0x343c0000, 0x34585910, 0x34585a00, 0x34fc0000)
    ro space 10240K,  45% used [0x383c0000, 0x38849b28, 0x38849c00, 0x38dc0000)
    rw space 12288K,  54% used [0x38dc0000, 0x3944d0e8, 0x3944d200, 0x399c0000)
}
Event: 5.100 GC heap before
{Heap before GC invocations=12 (full 0):
 def new generation   total 4928K, used 4576K [0x243c0000, 0x24910000, 0x29910000)
  eden space 4416K,  98% used [0x243c0000, 0x247fa7e8, 0x24810000)
  from space 512K,  48% used [0x24810000, 0x2484dc00, 0x24890000)
  to   space 512K,   0% used [0x24890000, 0x24890000, 0x24910000)
 tenured generation   total 10944K, used 2116K [0x29910000, 0x2a3c0000, 0x343c0000)
   the space 10944K,  19% used [0x29910000, 0x29b21290, 0x29b21400, 0x2a3c0000)
 compacting perm gen  total 12288K, used 1814K [0x343c0000, 0x34fc0000, 0x383c0000)
   the space 12288K,  14% used [0x343c0000, 0x34585920, 0x34585a00, 0x34fc0000)
    ro space 10240K,  45% used [0x383c0000, 0x38849b28, 0x38849c00, 0x38dc0000)
    rw space 12288K,  54% used [0x38dc0000, 0x3944d0e8, 0x3944d200, 0x399c0000)
Event: 5.100 GC heap after
Heap after GC invocations=13 (full 0):
 def new generation   total 4928K, used 247K [0x243c0000, 0x24910000, 0x29910000)
  eden space 4416K,   0% used [0x243c0000, 0x243c0000, 0x24810000)
  from space 512K,  48% used [0x24890000, 0x248cdc00, 0x24910000)
  to   space 512K,   0% used [0x24810000, 0x24810000, 0x24890000)
 tenured generation   total 10944K, used 2116K [0x29910000, 0x2a3c0000, 0x343c0000)
   the space 10944K,  19% used [0x29910000, 0x29b21290, 0x29b21400, 0x2a3c0000)
 compacting perm gen  total 12288K, used 1814K [0x343c0000, 0x34fc0000, 0x383c0000)
   the space 12288K,  14% used [0x343c0000, 0x34585920, 0x34585a00, 0x34fc0000)
    ro space 10240K,  45% used [0x383c0000, 0x38849b28, 0x38849c00, 0x38dc0000)
    rw space 12288K,  54% used [0x38dc0000, 0x3944d0e8, 0x3944d200, 0x399c0000)
}
Event: 5.448 GC heap before
{Heap before GC invocations=13 (full 0):
 def new generation   total 4928K, used 4578K [0x243c0000, 0x24910000, 0x29910000)
  eden space 4416K,  98% used [0x243c0000, 0x247fad68, 0x24810000)
  from space 512K,  48% used [0x24890000, 0x248cdc00, 0x24910000)
  to   space 512K,   0% used [0x24810000, 0x24810000, 0x24890000)
 tenured generation   total 10944K, used 2116K [0x29910000, 0x2a3c0000, 0x343c0000)
   the space 10944K,  19% used [0x29910000, 0x29b21290, 0x29b21400, 0x2a3c0000)
 compacting perm gen  total 12288K, used 1814K [0x343c0000, 0x34fc0000, 0x383c0000)
   the space 12288K,  14% used [0x343c0000, 0x34585920, 0x34585a00, 0x34fc0000)
    ro space 10240K,  45% used [0x383c0000, 0x38849b28, 0x38849c00, 0x38dc0000)
    rw space 12288K,  54% used [0x38dc0000, 0x3944d0e8, 0x3944d200, 0x399c0000)
Event: 5.448 GC heap after
Heap after GC invocations=14 (full 0):
 def new generation   total 4928K, used 247K [0x243c0000, 0x24910000, 0x29910000)
  eden space 4416K,   0% used [0x243c0000, 0x243c0000, 0x24810000)
  from space 512K,  48% used [0x24810000, 0x2484dc00, 0x24890000)
  to   space 512K,   0% used [0x24890000, 0x24890000, 0x24910000)
 tenured generation   total 10944K, used 2116K [0x29910000, 0x2a3c0000, 0x343c0000)
   the space 10944K,  19% used [0x29910000, 0x29b21290, 0x29b21400, 0x2a3c0000)
 compacting perm gen  total 12288K, used 1814K [0x343c0000, 0x34fc0000, 0x383c0000)
   the space 12288K,  14% used [0x343c0000, 0x34585920, 0x34585a00, 0x34fc0000)
    ro space 10240K,  45% used [0x383c0000, 0x38849b28, 0x38849c00, 0x38dc0000)
    rw space 12288K,  54% used [0x38dc0000, 0x3944d0e8, 0x3944d200, 0x399c0000)
}
Event: 5.792 GC heap before
{Heap before GC invocations=14 (full 0):
 def new generation   total 4928K, used 4578K [0x243c0000, 0x24910000, 0x29910000)
  eden space 4416K,  98% used [0x243c0000, 0x247fad68, 0x24810000)
  from space 512K,  48% used [0x24810000, 0x2484dc00, 0x24890000)
  to   space 512K,   0% used [0x24890000, 0x24890000, 0x24910000)
 tenured generation   total 10944K, used 2116K [0x29910000, 0x2a3c0000, 0x343c0000)
   the space 10944K,  19% used [0x29910000, 0x29b21290, 0x29b21400, 0x2a3c0000)
 compacting perm gen  total 12288K, used 1814K [0x343c0000, 0x34fc0000, 0x383c0000)
   the space 12288K,  14% used [0x343c0000, 0x34585920, 0x34585a00, 0x34fc0000)
    ro space 10240K,  45% used [0x383c0000, 0x38849b28, 0x38849c00, 0x38dc0000)
    rw space 12288K,  54% used [0x38dc0000, 0x3944d0e8, 0x3944d200, 0x399c0000)
Event: 5.792 GC heap after
Heap after GC invocations=15 (full 0):
 def new generation   total 4928K, used 247K [0x243c0000, 0x24910000, 0x29910000)
  eden space 4416K,   0% used [0x243c0000, 0x243c0000, 0x24810000)
  from space 512K,  48% used [0x24890000, 0x248cdc00, 0x24910000)
  to   space 512K,   0% used [0x24810000, 0x24810000, 0x24890000)
 tenured generation   total 10944K, used 2116K [0x29910000, 0x2a3c0000, 0x343c0000)
   the space 10944K,  19% used [0x29910000, 0x29b21290, 0x29b21400, 0x2a3c0000)
 compacting perm gen  total 12288K, used 1814K [0x343c0000, 0x34fc0000, 0x383c0000)
   the space 12288K,  14% used [0x343c0000, 0x34585920, 0x34585a00, 0x34fc0000)
    ro space 10240K,  45% used [0x383c0000, 0x38849b28, 0x38849c00, 0x38dc0000)
    rw space 12288K,  54% used [0x38dc0000, 0x3944d0e8, 0x3944d200, 0x399c0000)
}
Event: 6.139 GC heap before
{Heap before GC invocations=15 (full 0):
 def new generation   total 4928K, used 4578K [0x243c0000, 0x24910000, 0x29910000)
  eden space 4416K,  98% used [0x243c0000, 0x247fad68, 0x24810000)
  from space 512K,  48% used [0x24890000, 0x248cdc00, 0x24910000)
  to   space 512K,   0% used [0x24810000, 0x24810000, 0x24890000)
 tenured generation   total 10944K, used 2116K [0x29910000, 0x2a3c0000, 0x343c0000)
   the space 10944K,  19% used [0x29910000, 0x29b21290, 0x29b21400, 0x2a3c0000)
 compacting perm gen  total 12288K, used 1814K [0x343c0000, 0x34fc0000, 0x383c0000)
   the space 12288K,  14% used [0x343c0000, 0x34585920, 0x34585a00, 0x34fc0000)
    ro space 10240K,  45% used [0x383c0000, 0x38849b28, 0x38849c00, 0x38dc0000)
    rw space 12288K,  54% used [0x38dc0000, 0x3944d0e8, 0x3944d200, 0x399c0000)
Event: 6.140 GC heap after
Heap after GC invocations=16 (full 0):
 def new generation   total 4928K, used 247K [0x243c0000, 0x24910000, 0x29910000)
  eden space 4416K,   0% used [0x243c0000, 0x243c0000, 0x24810000)
  from space 512K,  48% used [0x24810000, 0x2484dc00, 0x24890000)
  to   space 512K,   0% used [0x24890000, 0x24890000, 0x24910000)
 tenured generation   total 10944K, used 2116K [0x29910000, 0x2a3c0000, 0x343c0000)
   the space 10944K,  19% used [0x29910000, 0x29b21290, 0x29b21400, 0x2a3c0000)
 compacting perm gen  total 12288K, used 1814K [0x343c0000, 0x34fc0000, 0x383c0000)
   the space 12288K,  14% used [0x343c0000, 0x34585920, 0x34585a00, 0x34fc0000)
    ro space 10240K,  45% used [0x383c0000, 0x38849b28, 0x38849c00, 0x38dc0000)
    rw space 12288K,  54% used [0x38dc0000, 0x3944d0e8, 0x3944d200, 0x399c0000)
}

