# JRE version: 7.0_25-b16
# Java VM: Java HotSpot(TM) Client VM (23.25-b01 mixed mode, sharing windows-x86 )
Heap
 def new generation   total 4928K, used 2737K [0x243c0000, 0x24910000, 0x29910000)
  eden space 4416K,  56% used [0x243c0000, 0x24631908, 0x24810000)
  from space 512K,  45% used [0x24890000, 0x248cad18, 0x24910000)
  to   space 512K,   0% used [0x24810000, 0x24810000, 0x24890000)
 tenured generation   total 10944K, used 2043K [0x29910000, 0x2a3c0000, 0x343c0000)
   the space 10944K,  18% used [0x29910000, 0x29b0ee70, 0x29b0f000, 0x2a3c0000)
 compacting perm gen  total 12288K, used 1811K [0x343c0000, 0x34fc0000, 0x383c0000)
   the space 12288K,  14% used [0x343c0000, 0x34584ca0, 0x34584e00, 0x34fc0000)
    ro space 10240K,  45% used [0x383c0000, 0x38849b28, 0x38849c00, 0x38dc0000)
    rw space 12288K,  54% used [0x38dc0000, 0x3944d0e8, 0x3944d200, 0x399c0000)
GC Heap History (10 events):
Event: 3.981 GC heap before
{Heap before GC invocations=6 (full 0):
 def new generation   total 4928K, used 4567K [0x243c0000, 0x24910000, 0x29910000)
  eden space 4416K,  98% used [0x243c0000, 0x247fb238, 0x24810000)
  from space 512K,  45% used [0x24810000, 0x2484ad18, 0x24890000)
  to   space 512K,   0% used [0x24890000, 0x24890000, 0x24910000)
 tenured generation   total 10944K, used 2043K [0x29910000, 0x2a3c0000, 0x343c0000)
   the space 10944K,  18% used [0x29910000, 0x29b0ee70, 0x29b0f000, 0x2a3c0000)
 compacting perm gen  total 12288K, used 1811K [0x343c0000, 0x34fc0000, 0x383c0000)
   the space 12288K,  14% used [0x343c0000, 0x34584ca0, 0x34584e00, 0x34fc0000)
    ro space 10240K,  45% used [0x383c0000, 0x38849b28, 0x38849c00, 0x38dc0000)
    rw space 12288K,  54% used [0x38dc0000, 0x3944d0e8, 0x3944d200, 0x399c0000)
Event: 3.982 GC heap after
Heap after GC invocations=7 (full 0):
 def new generation   total 4928K, used 235K [0x243c0000, 0x24910000, 0x29910000)
  eden space 4416K,   0% used [0x243c0000, 0x243c0000, 0x24810000)
  from space 512K,  45% used [0x24890000, 0x248cad18, 0x24910000)
  to   space 512K,   0% used [0x24810000, 0x24810000, 0x24890000)
 tenured generation   total 10944K, used 2043K [0x29910000, 0x2a3c0000, 0x343c0000)
   the space 10944K,  18% used [0x29910000, 0x29b0ee70, 0x29b0f000, 0x2a3c0000)
 compacting perm gen  total 12288K, used 1811K [0x343c0000, 0x34fc0000, 0x383c0000)
   the space 12288K,  14% used [0x343c0000, 0x34584ca0, 0x34584e00, 0x34fc0000)
    ro space 10240K,  45% used [0x383c0000, 0x38849b28, 0x38849c00, 0x38dc0000)
    rw space 12288K,  54% used [0x38dc0000, 0x3944d0e8, 0x3944d200, 0x399c0000)
}
Event: 4.540 GC heap before
{Heap before GC invocations=7 (full 0):
 def new generation   total 4928K, used 4558K [0x243c0000, 0x24910000, 0x29910000)
  eden space 4416K,  97% used [0x243c0000, 0x247f8dd8, 0x24810000)
  from space 512K,  45% used [0x24890000, 0x248cad18, 0x24910000)
  to   space 512K,   0% used [0x24810000, 0x24810000, 0x24890000)
 tenured generation   total 10944K, used 2043K [0x29910000, 0x2a3c0000, 0x343c0000)
   the space 10944K,  18% used [0x29910000, 0x29b0ee70, 0x29b0f000, 0x2a3c0000)
 compacting perm gen  total 12288K, used 1811K [0x343c0000, 0x34fc0000, 0x383c0000)
   the space 12288K,  14% used [0x343c0000, 0x34584ca0, 0x34584e00, 0x34fc0000)
    ro space 10240K,  45% used [0x383c0000, 0x38849b28, 0x38849c00, 0x38dc0000)
    rw space 12288K,  54% used [0x38dc0000, 0x3944d0e8, 0x3944d200, 0x399c0000)
Event: 4.540 GC heap after
Heap after GC invocations=8 (full 0):
 def new generation   total 4928K, used 235K [0x243c0000, 0x24910000, 0x29910000)
  eden space 4416K,   0% used [0x243c0000, 0x243c0000, 0x24810000)
  from space 512K,  45% used [0x24810000, 0x2484ad18, 0x24890000)
  to   space 512K,   0% used [0x24890000, 0x24890000, 0x24910000)
 tenured generation   total 10944K, used 2043K [0x29910000, 0x2a3c0000, 0x343c0000)
   the space 10944K,  18% used [0x29910000, 0x29b0ee70, 0x29b0f000, 0x2a3c0000)
 compacting perm gen  total 12288K, used 1811K [0x343c0000, 0x34fc0000, 0x383c0000)
   the space 12288K,  14% used [0x343c0000, 0x34584ca0, 0x34584e00, 0x34fc0000)
    ro space 10240K,  45% used [0x383c0000, 0x38849b28, 0x38849c00, 0x38dc0000)
    rw space 12288K,  54% used [0x38dc0000, 0x3944d0e8, 0x3944d200, 0x399c0000)
}
Event: 5.106 GC heap before
{Heap before GC invocations=8 (full 0):
 def new generation   total 4928K, used 4560K [0x243c0000, 0x24910000, 0x29910000)
  eden space 4416K,  97% used [0x243c0000, 0x247f9480, 0x24810000)
  from space 512K,  45% used [0x24810000, 0x2484ad18, 0x24890000)
  to   space 512K,   0% used [0x24890000, 0x24890000, 0x24910000)
 tenured generation   total 10944K, used 2043K [0x29910000, 0x2a3c0000, 0x343c0000)
   the space 10944K,  18% used [0x29910000, 0x29b0ee70, 0x29b0f000, 0x2a3c0000)
 compacting perm gen  total 12288K, used 1811K [0x343c0000, 0x34fc0000, 0x383c0000)
   the space 12288K,  14% used [0x343c0000, 0x34584ca0, 0x34584e00, 0x34fc0000)
    ro space 10240K,  45% used [0x383c0000, 0x38849b28, 0x38849c00, 0x38dc0000)
    rw space 12288K,  54% used [0x38dc0000, 0x3944d0e8, 0x3944d200, 0x399c0000)
Event: 5.107 GC heap after
Heap after GC invocations=9 (full 0):
 def new generation   total 4928K, used 235K [0x243c0000, 0x24910000, 0x29910000)
  eden space 4416K,   0% used [0x243c0000, 0x243c0000, 0x24810000)
  from space 512K,  45% used [0x24890000, 0x248cad18, 0x24910000)
  to   space 512K,   0% used [0x24810000, 0x24810000, 0x24890000)
 tenured generation   total 10944K, used 2043K [0x29910000, 0x2a3c0000, 0x343c0000)
   the space 10944K,  18% used [0x29910000, 0x29b0ee70, 0x29b0f000, 0x2a3c0000)
 compacting perm gen  total 12288K, used 1811K [0x343c0000, 0x34fc0000, 0x383c0000)
   the space 12288K,  14% used [0x343c0000, 0x34584ca0, 0x34584e00, 0x34fc0000)
    ro space 10240K,  45% used [0x383c0000, 0x38849b28, 0x38849c00, 0x38dc0000)
    rw space 12288K,  54% used [0x38dc0000, 0x3944d0e8, 0x3944d200, 0x399c0000)
}
Event: 5.662 GC heap before
{Heap before GC invocations=9 (full 0):
 def new generation   total 4928K, used 4558K [0x243c0000, 0x24910000, 0x29910000)
  eden space 4416K,  97% used [0x243c0000, 0x247f8ce8, 0x24810000)
  from space 512K,  45% used [0x24890000, 0x248cad18, 0x24910000)
  to   space 512K,   0% used [0x24810000, 0x24810000, 0x24890000)
 tenured generation   total 10944K, used 2043K [0x29910000, 0x2a3c0000, 0x343c0000)
   the space 10944K,  18% used [0x29910000, 0x29b0ee70, 0x29b0f000, 0x2a3c0000)
 compacting perm gen  total 12288K, used 1811K [0x343c0000, 0x34fc0000, 0x383c0000)
   the space 12288K,  14% used [0x343c0000, 0x34584ca0, 0x34584e00, 0x34fc0000)
    ro space 10240K,  45% used [0x383c0000, 0x38849b28, 0x38849c00, 0x38dc0000)
    rw space 12288K,  54% used [0x38dc0000, 0x3944d0e8, 0x3944d200, 0x399c0000)
Event: 5.663 GC heap after
Heap after GC invocations=10 (full 0):
 def new generation   total 4928K, used 235K [0x243c0000, 0x24910000, 0x29910000)
  eden space 4416K,   0% used [0x243c0000, 0x243c0000, 0x24810000)
  from space 512K,  45% used [0x24810000, 0x2484ad18, 0x24890000)
  to   space 512K,   0% used [0x24890000, 0x24890000, 0x24910000)
 tenured generation   total 10944K, used 2043K [0x29910000, 0x2a3c0000, 0x343c0000)
   the space 10944K,  18% used [0x29910000, 0x29b0ee70, 0x29b0f000, 0x2a3c0000)
 compacting perm gen  total 12288K, used 1811K [0x343c0000, 0x34fc0000, 0x383c0000)
   the space 12288K,  14% used [0x343c0000, 0x34584ca0, 0x34584e00, 0x34fc0000)
    ro space 10240K,  45% used [0x383c0000, 0x38849b28, 0x38849c00, 0x38dc0000)
    rw space 12288K,  54% used [0x38dc0000, 0x3944d0e8, 0x3944d200, 0x399c0000)
}
Event: 6.224 GC heap before
{Heap before GC invocations=10 (full 0):
 def new generation   total 4928K, used 4558K [0x243c0000, 0x24910000, 0x29910000)
  eden space 4416K,  97% used [0x243c0000, 0x247f8bf0, 0x24810000)
  from space 512K,  45% used [0x24810000, 0x2484ad18, 0x24890000)
  to   space 512K,   0% used [0x24890000, 0x24890000, 0x24910000)
 tenured generation   total 10944K, used 2043K [0x29910000, 0x2a3c0000, 0x343c0000)
   the space 10944K,  18% used [0x29910000, 0x29b0ee70, 0x29b0f000, 0x2a3c0000)
 compacting perm gen  total 12288K, used 1811K [0x343c0000, 0x34fc0000, 0x383c0000)
   the space 12288K,  14% used [0x343c0000, 0x34584ca0, 0x34584e00, 0x34fc0000)
    ro space 10240K,  45% used [0x383c0000, 0x38849b28, 0x38849c00, 0x38dc0000)
    rw space 12288K,  54% used [0x38dc0000, 0x3944d0e8, 0x3944d200, 0x399c0000)
Event: 6.225 GC heap after
Heap after GC invocations=11 (full 0):
 def new generation   total 4928K, used 235K [0x243c0000, 0x24910000, 0x29910000)
  eden space 4416K,   0% used [0x243c0000, 0x243c0000, 0x24810000)
  from space 512K,  45% used [0x24890000, 0x248cad18, 0x24910000)
  to   space 512K,   0% used [0x24810000, 0x24810000, 0x24890000)
 tenured generation   total 10944K, used 2043K [0x29910000, 0x2a3c0000, 0x343c0000)
   the space 10944K,  18% used [0x29910000, 0x29b0ee70, 0x29b0f000, 0x2a3c0000)
 compacting perm gen  total 12288K, used 1811K [0x343c0000, 0x34fc0000, 0x383c0000)
   the space 12288K,  14% used [0x343c0000, 0x34584ca0, 0x34584e00, 0x34fc0000)
    ro space 10240K,  45% used [0x383c0000, 0x38849b28, 0x38849c00, 0x38dc0000)
    rw space 12288K,  54% used [0x38dc0000, 0x3944d0e8, 0x3944d200, 0x399c0000)
}

