# JRE version: 7.0_25-b16
# Java VM: Java HotSpot(TM) Client VM (23.25-b01 mixed mode, sharing windows-x86 )
Heap
 def new generation   total 4992K, used 2974K [0x243c0000, 0x24920000, 0x29910000)
  eden space 4480K,  61% used [0x243c0000, 0x2466cd28, 0x24820000)
  from space 512K,  45% used [0x248a0000, 0x248dad70, 0x24920000)
  to   space 512K,   0% used [0x24820000, 0x24820000, 0x248a0000)
 tenured generation   total 10944K, used 3141K [0x29910000, 0x2a3c0000, 0x343c0000)
   the space 10944K,  28% used [0x29910000, 0x29c217b8, 0x29c21800, 0x2a3c0000)
 compacting perm gen  total 12288K, used 1824K [0x343c0000, 0x34fc0000, 0x383c0000)
   the space 12288K,  14% used [0x343c0000, 0x345881e0, 0x34588200, 0x34fc0000)
    ro space 10240K,  45% used [0x383c0000, 0x38849b28, 0x38849c00, 0x38dc0000)
    rw space 12288K,  54% used [0x38dc0000, 0x3944d0e8, 0x3944d200, 0x399c0000)
GC Heap History (10 events):
Event: 5.198 GC heap before
{Heap before GC invocations=20 (full 0):
 def new generation   total 4928K, used 4384K [0x243c0000, 0x24910000, 0x29910000)
  eden space 4416K,  94% used [0x243c0000, 0x247ce538, 0x24810000)
  from space 512K,  45% used [0x24810000, 0x24849b88, 0x24890000)
  to   space 512K,   0% used [0x24890000, 0x24890000, 0x24910000)
 tenured generation   total 10944K, used 8826K [0x29910000, 0x2a3c0000, 0x343c0000)
   the space 10944K,  80% used [0x29910000, 0x2a1ae8d8, 0x2a1aea00, 0x2a3c0000)
 compacting perm gen  total 12288K, used 1824K [0x343c0000, 0x34fc0000, 0x383c0000)
   the space 12288K,  14% used [0x343c0000, 0x345881e0, 0x34588200, 0x34fc0000)
    ro space 10240K,  45% used [0x383c0000, 0x38849b28, 0x38849c00, 0x38dc0000)
    rw space 12288K,  54% used [0x38dc0000, 0x3944d0e8, 0x3944d200, 0x399c0000)
Event: 5.199 GC heap after
Heap after GC invocations=21 (full 0):
 def new generation   total 4928K, used 232K [0x243c0000, 0x24910000, 0x29910000)
  eden space 4416K,   0% used [0x243c0000, 0x243c0000, 0x24810000)
  from space 512K,  45% used [0x24890000, 0x248ca1c8, 0x24910000)
  to   space 512K,   0% used [0x24810000, 0x24810000, 0x24890000)
 tenured generation   total 10944K, used 9956K [0x29910000, 0x2a3c0000, 0x343c0000)
   the space 10944K,  90% used [0x29910000, 0x2a2c9270, 0x2a2c9400, 0x2a3c0000)
 compacting perm gen  total 12288K, used 1824K [0x343c0000, 0x34fc0000, 0x383c0000)
   the space 12288K,  14% used [0x343c0000, 0x345881e0, 0x34588200, 0x34fc0000)
    ro space 10240K,  45% used [0x383c0000, 0x38849b28, 0x38849c00, 0x38dc0000)
    rw space 12288K,  54% used [0x38dc0000, 0x3944d0e8, 0x3944d200, 0x399c0000)
}
Event: 5.349 GC heap before
{Heap before GC invocations=21 (full 0):
 def new generation   total 4928K, used 4532K [0x243c0000, 0x24910000, 0x29910000)
  eden space 4416K,  97% used [0x243c0000, 0x247f2fb0, 0x24810000)
  from space 512K,  45% used [0x24890000, 0x248ca1c8, 0x24910000)
  to   space 512K,   0% used [0x24810000, 0x24810000, 0x24890000)
 tenured generation   total 10944K, used 9956K [0x29910000, 0x2a3c0000, 0x343c0000)
   the space 10944K,  90% used [0x29910000, 0x2a2c9270, 0x2a2c9400, 0x2a3c0000)
 compacting perm gen  total 12288K, used 1824K [0x343c0000, 0x34fc0000, 0x383c0000)
   the space 12288K,  14% used [0x343c0000, 0x345881e0, 0x34588200, 0x34fc0000)
    ro space 10240K,  45% used [0x383c0000, 0x38849b28, 0x38849c00, 0x38dc0000)
    rw space 12288K,  54% used [0x38dc0000, 0x3944d0e8, 0x3944d200, 0x399c0000)
Event: 5.363 GC heap after
Heap after GC invocations=22 (full 1):
 def new generation   total 4992K, used 0K [0x243c0000, 0x24920000, 0x29910000)
  eden space 4480K,   0% used [0x243c0000, 0x243c0000, 0x24820000)
  from space 512K,   0% used [0x24820000, 0x24820000, 0x248a0000)
  to   space 512K,   0% used [0x248a0000, 0x248a0000, 0x24920000)
 tenured generation   total 10944K, used 2916K [0x29910000, 0x2a3c0000, 0x343c0000)
   the space 10944K,  26% used [0x29910000, 0x29be9078, 0x29be9200, 0x2a3c0000)
 compacting perm gen  total 12288K, used 1824K [0x343c0000, 0x34fc0000, 0x383c0000)
   the space 12288K,  14% used [0x343c0000, 0x345881e0, 0x34588200, 0x34fc0000)
    ro space 10240K,  45% used [0x383c0000, 0x38849b28, 0x38849c00, 0x38dc0000)
    rw space 12288K,  54% used [0x38dc0000, 0x3944d0e8, 0x3944d200, 0x399c0000)
}
Event: 5.744 GC heap before
{Heap before GC invocations=22 (full 1):
 def new generation   total 4992K, used 4368K [0x243c0000, 0x24920000, 0x29910000)
  eden space 4480K,  97% used [0x243c0000, 0x248040f0, 0x24820000)
  from space 512K,   0% used [0x24820000, 0x24820000, 0x248a0000)
  to   space 512K,   0% used [0x248a0000, 0x248a0000, 0x24920000)
 tenured generation   total 10944K, used 2916K [0x29910000, 0x2a3c0000, 0x343c0000)
   the space 10944K,  26% used [0x29910000, 0x29be9078, 0x29be9200, 0x2a3c0000)
 compacting perm gen  total 12288K, used 1824K [0x343c0000, 0x34fc0000, 0x383c0000)
   the space 12288K,  14% used [0x343c0000, 0x345881e0, 0x34588200, 0x34fc0000)
    ro space 10240K,  45% used [0x383c0000, 0x38849b28, 0x38849c00, 0x38dc0000)
    rw space 12288K,  54% used [0x38dc0000, 0x3944d0e8, 0x3944d200, 0x399c0000)
Event: 5.744 GC heap after
Heap after GC invocations=23 (full 1):
 def new generation   total 4992K, used 460K [0x243c0000, 0x24920000, 0x29910000)
  eden space 4480K,   0% used [0x243c0000, 0x243c0000, 0x24820000)
  from space 512K,  89% used [0x248a0000, 0x249130f8, 0x24920000)
  to   space 512K,   0% used [0x24820000, 0x24820000, 0x248a0000)
 tenured generation   total 10944K, used 2916K [0x29910000, 0x2a3c0000, 0x343c0000)
   the space 10944K,  26% used [0x29910000, 0x29be9078, 0x29be9200, 0x2a3c0000)
 compacting perm gen  total 12288K, used 1824K [0x343c0000, 0x34fc0000, 0x383c0000)
   the space 12288K,  14% used [0x343c0000, 0x345881e0, 0x34588200, 0x34fc0000)
    ro space 10240K,  45% used [0x383c0000, 0x38849b28, 0x38849c00, 0x38dc0000)
    rw space 12288K,  54% used [0x38dc0000, 0x3944d0e8, 0x3944d200, 0x399c0000)
}
Event: 6.125 GC heap before
{Heap before GC invocations=23 (full 1):
 def new generation   total 4992K, used 4799K [0x243c0000, 0x24920000, 0x29910000)
  eden space 4480K,  96% used [0x243c0000, 0x247fcc00, 0x24820000)
  from space 512K,  89% used [0x248a0000, 0x249130f8, 0x24920000)
  to   space 512K,   0% used [0x24820000, 0x24820000, 0x248a0000)
 tenured generation   total 10944K, used 2916K [0x29910000, 0x2a3c0000, 0x343c0000)
   the space 10944K,  26% used [0x29910000, 0x29be9078, 0x29be9200, 0x2a3c0000)
 compacting perm gen  total 12288K, used 1824K [0x343c0000, 0x34fc0000, 0x383c0000)
   the space 12288K,  14% used [0x343c0000, 0x345881e0, 0x34588200, 0x34fc0000)
    ro space 10240K,  45% used [0x383c0000, 0x38849b28, 0x38849c00, 0x38dc0000)
    rw space 12288K,  54% used [0x38dc0000, 0x3944d0e8, 0x3944d200, 0x399c0000)
Event: 6.125 GC heap after
Heap after GC invocations=24 (full 1):
 def new generation   total 4992K, used 234K [0x243c0000, 0x24920000, 0x29910000)
  eden space 4480K,   0% used [0x243c0000, 0x243c0000, 0x24820000)
  from space 512K,  45% used [0x24820000, 0x2485abe8, 0x248a0000)
  to   space 512K,   0% used [0x248a0000, 0x248a0000, 0x24920000)
 tenured generation   total 10944K, used 3141K [0x29910000, 0x2a3c0000, 0x343c0000)
   the space 10944K,  28% used [0x29910000, 0x29c217b8, 0x29c21800, 0x2a3c0000)
 compacting perm gen  total 12288K, used 1824K [0x343c0000, 0x34fc0000, 0x383c0000)
   the space 12288K,  14% used [0x343c0000, 0x345881e0, 0x34588200, 0x34fc0000)
    ro space 10240K,  45% used [0x383c0000, 0x38849b28, 0x38849c00, 0x38dc0000)
    rw space 12288K,  54% used [0x38dc0000, 0x3944d0e8, 0x3944d200, 0x399c0000)
}
Event: 6.501 GC heap before
{Heap before GC invocations=24 (full 1):
 def new generation   total 4992K, used 4565K [0x243c0000, 0x24920000, 0x29910000)
  eden space 4480K,  96% used [0x243c0000, 0x247fab08, 0x24820000)
  from space 512K,  45% used [0x24820000, 0x2485abe8, 0x248a0000)
  to   space 512K,   0% used [0x248a0000, 0x248a0000, 0x24920000)
 tenured generation   total 10944K, used 3141K [0x29910000, 0x2a3c0000, 0x343c0000)
   the space 10944K,  28% used [0x29910000, 0x29c217b8, 0x29c21800, 0x2a3c0000)
 compacting perm gen  total 12288K, used 1824K [0x343c0000, 0x34fc0000, 0x383c0000)
   the space 12288K,  14% used [0x343c0000, 0x345881e0, 0x34588200, 0x34fc0000)
    ro space 10240K,  45% used [0x383c0000, 0x38849b28, 0x38849c00, 0x38dc0000)
    rw space 12288K,  54% used [0x38dc0000, 0x3944d0e8, 0x3944d200, 0x399c0000)
Event: 6.501 GC heap after
Heap after GC invocations=25 (full 1):
 def new generation   total 4992K, used 235K [0x243c0000, 0x24920000, 0x29910000)
  eden space 4480K,   0% used [0x243c0000, 0x243c0000, 0x24820000)
  from space 512K,  45% used [0x248a0000, 0x248dad70, 0x24920000)
  to   space 512K,   0% used [0x24820000, 0x24820000, 0x248a0000)
 tenured generation   total 10944K, used 3141K [0x29910000, 0x2a3c0000, 0x343c0000)
   the space 10944K,  28% used [0x29910000, 0x29c217b8, 0x29c21800, 0x2a3c0000)
 compacting perm gen  total 12288K, used 1824K [0x343c0000, 0x34fc0000, 0x383c0000)
   the space 12288K,  14% used [0x343c0000, 0x345881e0, 0x34588200, 0x34fc0000)
    ro space 10240K,  45% used [0x383c0000, 0x38849b28, 0x38849c00, 0x38dc0000)
    rw space 12288K,  54% used [0x38dc0000, 0x3944d0e8, 0x3944d200, 0x399c0000)
}

