# JRE version: 7.0_25-b16
# Java VM: Java HotSpot(TM) Client VM (23.25-b01 mixed mode, sharing windows-x86 )
Heap
 def new generation   total 4928K, used 3202K [0x243c0000, 0x24910000, 0x29910000)
  eden space 4416K,  67% used [0x243c0000, 0x246a44a0, 0x24810000)
  from space 512K,  47% used [0x24810000, 0x2484c738, 0x24890000)
  to   space 512K,   0% used [0x24890000, 0x24890000, 0x24910000)
 tenured generation   total 10944K, used 2045K [0x29910000, 0x2a3c0000, 0x343c0000)
   the space 10944K,  18% used [0x29910000, 0x29b0f6b8, 0x29b0f800, 0x2a3c0000)
 compacting perm gen  total 12288K, used 1812K [0x343c0000, 0x34fc0000, 0x383c0000)
   the space 12288K,  14% used [0x343c0000, 0x34585080, 0x34585200, 0x34fc0000)
    ro space 10240K,  45% used [0x383c0000, 0x38849b28, 0x38849c00, 0x38dc0000)
    rw space 12288K,  54% used [0x38dc0000, 0x3944d0e8, 0x3944d200, 0x399c0000)
GC Heap History (10 events):
Event: 5.571 GC heap before
{Heap before GC invocations=11 (full 0):
 def new generation   total 4928K, used 4573K [0x243c0000, 0x24910000, 0x29910000)
  eden space 4416K,  98% used [0x243c0000, 0x247fb038, 0x24810000)
  from space 512K,  47% used [0x24890000, 0x248cc738, 0x24910000)
  to   space 512K,   0% used [0x24810000, 0x24810000, 0x24890000)
 tenured generation   total 10944K, used 2045K [0x29910000, 0x2a3c0000, 0x343c0000)
   the space 10944K,  18% used [0x29910000, 0x29b0f6b8, 0x29b0f800, 0x2a3c0000)
 compacting perm gen  total 12288K, used 1812K [0x343c0000, 0x34fc0000, 0x383c0000)
   the space 12288K,  14% used [0x343c0000, 0x34585070, 0x34585200, 0x34fc0000)
    ro space 10240K,  45% used [0x383c0000, 0x38849b28, 0x38849c00, 0x38dc0000)
    rw space 12288K,  54% used [0x38dc0000, 0x3944d0e8, 0x3944d200, 0x399c0000)
Event: 5.571 GC heap after
Heap after GC invocations=12 (full 0):
 def new generation   total 4928K, used 241K [0x243c0000, 0x24910000, 0x29910000)
  eden space 4416K,   0% used [0x243c0000, 0x243c0000, 0x24810000)
  from space 512K,  47% used [0x24810000, 0x2484c738, 0x24890000)
  to   space 512K,   0% used [0x24890000, 0x24890000, 0x24910000)
 tenured generation   total 10944K, used 2045K [0x29910000, 0x2a3c0000, 0x343c0000)
   the space 10944K,  18% used [0x29910000, 0x29b0f6b8, 0x29b0f800, 0x2a3c0000)
 compacting perm gen  total 12288K, used 1812K [0x343c0000, 0x34fc0000, 0x383c0000)
   the space 12288K,  14% used [0x343c0000, 0x34585070, 0x34585200, 0x34fc0000)
    ro space 10240K,  45% used [0x383c0000, 0x38849b28, 0x38849c00, 0x38dc0000)
    rw space 12288K,  54% used [0x38dc0000, 0x3944d0e8, 0x3944d200, 0x399c0000)
}
Event: 6.084 GC heap before
{Heap before GC invocations=12 (full 0):
 def new generation   total 4928K, used 4572K [0x243c0000, 0x24910000, 0x29910000)
  eden space 4416K,  98% used [0x243c0000, 0x247fab40, 0x24810000)
  from space 512K,  47% used [0x24810000, 0x2484c738, 0x24890000)
  to   space 512K,   0% used [0x24890000, 0x24890000, 0x24910000)
 tenured generation   total 10944K, used 2045K [0x29910000, 0x2a3c0000, 0x343c0000)
   the space 10944K,  18% used [0x29910000, 0x29b0f6b8, 0x29b0f800, 0x2a3c0000)
 compacting perm gen  total 12288K, used 1812K [0x343c0000, 0x34fc0000, 0x383c0000)
   the space 12288K,  14% used [0x343c0000, 0x34585080, 0x34585200, 0x34fc0000)
    ro space 10240K,  45% used [0x383c0000, 0x38849b28, 0x38849c00, 0x38dc0000)
    rw space 12288K,  54% used [0x38dc0000, 0x3944d0e8, 0x3944d200, 0x399c0000)
Event: 6.084 GC heap after
Heap after GC invocations=13 (full 0):
 def new generation   total 4928K, used 241K [0x243c0000, 0x24910000, 0x29910000)
  eden space 4416K,   0% used [0x243c0000, 0x243c0000, 0x24810000)
  from space 512K,  47% used [0x24890000, 0x248cc738, 0x24910000)
  to   space 512K,   0% used [0x24810000, 0x24810000, 0x24890000)
 tenured generation   total 10944K, used 2045K [0x29910000, 0x2a3c0000, 0x343c0000)
   the space 10944K,  18% used [0x29910000, 0x29b0f6b8, 0x29b0f800, 0x2a3c0000)
 compacting perm gen  total 12288K, used 1812K [0x343c0000, 0x34fc0000, 0x383c0000)
   the space 12288K,  14% used [0x343c0000, 0x34585080, 0x34585200, 0x34fc0000)
    ro space 10240K,  45% used [0x383c0000, 0x38849b28, 0x38849c00, 0x38dc0000)
    rw space 12288K,  54% used [0x38dc0000, 0x3944d0e8, 0x3944d200, 0x399c0000)
}
Event: 6.566 GC heap before
{Heap before GC invocations=13 (full 0):
 def new generation   total 4928K, used 4572K [0x243c0000, 0x24910000, 0x29910000)
  eden space 4416K,  98% used [0x243c0000, 0x247fa9c0, 0x24810000)
  from space 512K,  47% used [0x24890000, 0x248cc738, 0x24910000)
  to   space 512K,   0% used [0x24810000, 0x24810000, 0x24890000)
 tenured generation   total 10944K, used 2045K [0x29910000, 0x2a3c0000, 0x343c0000)
   the space 10944K,  18% used [0x29910000, 0x29b0f6b8, 0x29b0f800, 0x2a3c0000)
 compacting perm gen  total 12288K, used 1812K [0x343c0000, 0x34fc0000, 0x383c0000)
   the space 12288K,  14% used [0x343c0000, 0x34585080, 0x34585200, 0x34fc0000)
    ro space 10240K,  45% used [0x383c0000, 0x38849b28, 0x38849c00, 0x38dc0000)
    rw space 12288K,  54% used [0x38dc0000, 0x3944d0e8, 0x3944d200, 0x399c0000)
Event: 6.566 GC heap after
Heap after GC invocations=14 (full 0):
 def new generation   total 4928K, used 241K [0x243c0000, 0x24910000, 0x29910000)
  eden space 4416K,   0% used [0x243c0000, 0x243c0000, 0x24810000)
  from space 512K,  47% used [0x24810000, 0x2484c738, 0x24890000)
  to   space 512K,   0% used [0x24890000, 0x24890000, 0x24910000)
 tenured generation   total 10944K, used 2045K [0x29910000, 0x2a3c0000, 0x343c0000)
   the space 10944K,  18% used [0x29910000, 0x29b0f6b8, 0x29b0f800, 0x2a3c0000)
 compacting perm gen  total 12288K, used 1812K [0x343c0000, 0x34fc0000, 0x383c0000)
   the space 12288K,  14% used [0x343c0000, 0x34585080, 0x34585200, 0x34fc0000)
    ro space 10240K,  45% used [0x383c0000, 0x38849b28, 0x38849c00, 0x38dc0000)
    rw space 12288K,  54% used [0x38dc0000, 0x3944d0e8, 0x3944d200, 0x399c0000)
}
Event: 7.012 GC heap before
{Heap before GC invocations=14 (full 0):
 def new generation   total 4928K, used 4572K [0x243c0000, 0x24910000, 0x29910000)
  eden space 4416K,  98% used [0x243c0000, 0x247fa9c0, 0x24810000)
  from space 512K,  47% used [0x24810000, 0x2484c738, 0x24890000)
  to   space 512K,   0% used [0x24890000, 0x24890000, 0x24910000)
 tenured generation   total 10944K, used 2045K [0x29910000, 0x2a3c0000, 0x343c0000)
   the space 10944K,  18% used [0x29910000, 0x29b0f6b8, 0x29b0f800, 0x2a3c0000)
 compacting perm gen  total 12288K, used 1812K [0x343c0000, 0x34fc0000, 0x383c0000)
   the space 12288K,  14% used [0x343c0000, 0x34585080, 0x34585200, 0x34fc0000)
    ro space 10240K,  45% used [0x383c0000, 0x38849b28, 0x38849c00, 0x38dc0000)
    rw space 12288K,  54% used [0x38dc0000, 0x3944d0e8, 0x3944d200, 0x399c0000)
Event: 7.013 GC heap after
Heap after GC invocations=15 (full 0):
 def new generation   total 4928K, used 241K [0x243c0000, 0x24910000, 0x29910000)
  eden space 4416K,   0% used [0x243c0000, 0x243c0000, 0x24810000)
  from space 512K,  47% used [0x24890000, 0x248cc738, 0x24910000)
  to   space 512K,   0% used [0x24810000, 0x24810000, 0x24890000)
 tenured generation   total 10944K, used 2045K [0x29910000, 0x2a3c0000, 0x343c0000)
   the space 10944K,  18% used [0x29910000, 0x29b0f6b8, 0x29b0f800, 0x2a3c0000)
 compacting perm gen  total 12288K, used 1812K [0x343c0000, 0x34fc0000, 0x383c0000)
   the space 12288K,  14% used [0x343c0000, 0x34585080, 0x34585200, 0x34fc0000)
    ro space 10240K,  45% used [0x383c0000, 0x38849b28, 0x38849c00, 0x38dc0000)
    rw space 12288K,  54% used [0x38dc0000, 0x3944d0e8, 0x3944d200, 0x399c0000)
}
Event: 7.461 GC heap before
{Heap before GC invocations=15 (full 0):
 def new generation   total 4928K, used 4572K [0x243c0000, 0x24910000, 0x29910000)
  eden space 4416K,  98% used [0x243c0000, 0x247fa9c0, 0x24810000)
  from space 512K,  47% used [0x24890000, 0x248cc738, 0x24910000)
  to   space 512K,   0% used [0x24810000, 0x24810000, 0x24890000)
 tenured generation   total 10944K, used 2045K [0x29910000, 0x2a3c0000, 0x343c0000)
   the space 10944K,  18% used [0x29910000, 0x29b0f6b8, 0x29b0f800, 0x2a3c0000)
 compacting perm gen  total 12288K, used 1812K [0x343c0000, 0x34fc0000, 0x383c0000)
   the space 12288K,  14% used [0x343c0000, 0x34585080, 0x34585200, 0x34fc0000)
    ro space 10240K,  45% used [0x383c0000, 0x38849b28, 0x38849c00, 0x38dc0000)
    rw space 12288K,  54% used [0x38dc0000, 0x3944d0e8, 0x3944d200, 0x399c0000)
Event: 7.461 GC heap after
Heap after GC invocations=16 (full 0):
 def new generation   total 4928K, used 241K [0x243c0000, 0x24910000, 0x29910000)
  eden space 4416K,   0% used [0x243c0000, 0x243c0000, 0x24810000)
  from space 512K,  47% used [0x24810000, 0x2484c738, 0x24890000)
  to   space 512K,   0% used [0x24890000, 0x24890000, 0x24910000)
 tenured generation   total 10944K, used 2045K [0x29910000, 0x2a3c0000, 0x343c0000)
   the space 10944K,  18% used [0x29910000, 0x29b0f6b8, 0x29b0f800, 0x2a3c0000)
 compacting perm gen  total 12288K, used 1812K [0x343c0000, 0x34fc0000, 0x383c0000)
   the space 12288K,  14% used [0x343c0000, 0x34585080, 0x34585200, 0x34fc0000)
    ro space 10240K,  45% used [0x383c0000, 0x38849b28, 0x38849c00, 0x38dc0000)
    rw space 12288K,  54% used [0x38dc0000, 0x3944d0e8, 0x3944d200, 0x399c0000)
}

