# JRE version: 7.0_25-b16
# Java VM: Java HotSpot(TM) Client VM (23.25-b01 mixed mode, sharing windows-x86 )
Heap
 def new generation   total 5824K, used 1395K [0x243c0000, 0x24a10000, 0x29910000)
  eden space 5184K,  21% used [0x243c0000, 0x244dcf90, 0x248d0000)
  from space 640K,  39% used [0x248d0000, 0x2490fcb8, 0x24970000)
  to   space 640K,   0% used [0x24970000, 0x24970000, 0x24a10000)
 tenured generation   total 12812K, used 11286K [0x29910000, 0x2a593000, 0x343c0000)
   the space 12812K,  88% used [0x29910000, 0x2a415848, 0x2a415a00, 0x2a593000)
 compacting perm gen  total 12288K, used 1825K [0x343c0000, 0x34fc0000, 0x383c0000)
   the space 12288K,  14% used [0x343c0000, 0x34588580, 0x34588600, 0x34fc0000)
    ro space 10240K,  45% used [0x383c0000, 0x38849b28, 0x38849c00, 0x38dc0000)
    rw space 12288K,  54% used [0x38dc0000, 0x3944d0e8, 0x3944d200, 0x399c0000)
GC Heap History (10 events):
Event: 5.118 GC heap before
{Heap before GC invocations=29 (full 2):
 def new generation   total 5824K, used 5250K [0x243c0000, 0x24a10000, 0x29910000)
  eden space 5184K,  96% used [0x243c0000, 0x248a5b30, 0x248d0000)
  from space 640K,  36% used [0x24970000, 0x249ab008, 0x24a10000)
  to   space 640K,   0% used [0x248d0000, 0x248d0000, 0x24970000)
 tenured generation   total 12812K, used 11286K [0x29910000, 0x2a593000, 0x343c0000)
   the space 12812K,  88% used [0x29910000, 0x2a415848, 0x2a415a00, 0x2a593000)
 compacting perm gen  total 12288K, used 1824K [0x343c0000, 0x34fc0000, 0x383c0000)
   the space 12288K,  14% used [0x343c0000, 0x34588040, 0x34588200, 0x34fc0000)
    ro space 10240K,  45% used [0x383c0000, 0x38849b28, 0x38849c00, 0x38dc0000)
    rw space 12288K,  54% used [0x38dc0000, 0x3944d0e8, 0x3944d200, 0x399c0000)
Event: 5.118 GC heap after
Heap after GC invocations=30 (full 2):
 def new generation   total 5824K, used 250K [0x243c0000, 0x24a10000, 0x29910000)
  eden space 5184K,   0% used [0x243c0000, 0x243c0000, 0x248d0000)
  from space 640K,  39% used [0x248d0000, 0x2490e920, 0x24970000)
  to   space 640K,   0% used [0x24970000, 0x24970000, 0x24a10000)
 tenured generation   total 12812K, used 11286K [0x29910000, 0x2a593000, 0x343c0000)
   the space 12812K,  88% used [0x29910000, 0x2a415848, 0x2a415a00, 0x2a593000)
 compacting perm gen  total 12288K, used 1824K [0x343c0000, 0x34fc0000, 0x383c0000)
   the space 12288K,  14% used [0x343c0000, 0x34588040, 0x34588200, 0x34fc0000)
    ro space 10240K,  45% used [0x383c0000, 0x38849b28, 0x38849c00, 0x38dc0000)
    rw space 12288K,  54% used [0x38dc0000, 0x3944d0e8, 0x3944d200, 0x399c0000)
}
Event: 5.556 GC heap before
{Heap before GC invocations=30 (full 2):
 def new generation   total 5824K, used 5285K [0x243c0000, 0x24a10000, 0x29910000)
  eden space 5184K,  97% used [0x243c0000, 0x248aadb0, 0x248d0000)
  from space 640K,  39% used [0x248d0000, 0x2490e920, 0x24970000)
  to   space 640K,   0% used [0x24970000, 0x24970000, 0x24a10000)
 tenured generation   total 12812K, used 11286K [0x29910000, 0x2a593000, 0x343c0000)
   the space 12812K,  88% used [0x29910000, 0x2a415848, 0x2a415a00, 0x2a593000)
 compacting perm gen  total 12288K, used 1825K [0x343c0000, 0x34fc0000, 0x383c0000)
   the space 12288K,  14% used [0x343c0000, 0x34588570, 0x34588600, 0x34fc0000)
    ro space 10240K,  45% used [0x383c0000, 0x38849b28, 0x38849c00, 0x38dc0000)
    rw space 12288K,  54% used [0x38dc0000, 0x3944d0e8, 0x3944d200, 0x399c0000)
Event: 5.557 GC heap after
Heap after GC invocations=31 (full 2):
 def new generation   total 5824K, used 255K [0x243c0000, 0x24a10000, 0x29910000)
  eden space 5184K,   0% used [0x243c0000, 0x243c0000, 0x248d0000)
  from space 640K,  39% used [0x24970000, 0x249afcb8, 0x24a10000)
  to   space 640K,   0% used [0x248d0000, 0x248d0000, 0x24970000)
 tenured generation   total 12812K, used 11286K [0x29910000, 0x2a593000, 0x343c0000)
   the space 12812K,  88% used [0x29910000, 0x2a415848, 0x2a415a00, 0x2a593000)
 compacting perm gen  total 12288K, used 1825K [0x343c0000, 0x34fc0000, 0x383c0000)
   the space 12288K,  14% used [0x343c0000, 0x34588570, 0x34588600, 0x34fc0000)
    ro space 10240K,  45% used [0x383c0000, 0x38849b28, 0x38849c00, 0x38dc0000)
    rw space 12288K,  54% used [0x38dc0000, 0x3944d0e8, 0x3944d200, 0x399c0000)
}
Event: 5.987 GC heap before
{Heap before GC invocations=31 (full 2):
 def new generation   total 5824K, used 5269K [0x243c0000, 0x24a10000, 0x29910000)
  eden space 5184K,  96% used [0x243c0000, 0x248a5b38, 0x248d0000)
  from space 640K,  39% used [0x24970000, 0x249afcb8, 0x24a10000)
  to   space 640K,   0% used [0x248d0000, 0x248d0000, 0x24970000)
 tenured generation   total 12812K, used 11286K [0x29910000, 0x2a593000, 0x343c0000)
   the space 12812K,  88% used [0x29910000, 0x2a415848, 0x2a415a00, 0x2a593000)
 compacting perm gen  total 12288K, used 1825K [0x343c0000, 0x34fc0000, 0x383c0000)
   the space 12288K,  14% used [0x343c0000, 0x34588570, 0x34588600, 0x34fc0000)
    ro space 10240K,  45% used [0x383c0000, 0x38849b28, 0x38849c00, 0x38dc0000)
    rw space 12288K,  54% used [0x38dc0000, 0x3944d0e8, 0x3944d200, 0x399c0000)
Event: 5.988 GC heap after
Heap after GC invocations=32 (full 2):
 def new generation   total 5824K, used 255K [0x243c0000, 0x24a10000, 0x29910000)
  eden space 5184K,   0% used [0x243c0000, 0x243c0000, 0x248d0000)
  from space 640K,  39% used [0x248d0000, 0x2490fcb8, 0x24970000)
  to   space 640K,   0% used [0x24970000, 0x24970000, 0x24a10000)
 tenured generation   total 12812K, used 11286K [0x29910000, 0x2a593000, 0x343c0000)
   the space 12812K,  88% used [0x29910000, 0x2a415848, 0x2a415a00, 0x2a593000)
 compacting perm gen  total 12288K, used 1825K [0x343c0000, 0x34fc0000, 0x383c0000)
   the space 12288K,  14% used [0x343c0000, 0x34588570, 0x34588600, 0x34fc0000)
    ro space 10240K,  45% used [0x383c0000, 0x38849b28, 0x38849c00, 0x38dc0000)
    rw space 12288K,  54% used [0x38dc0000, 0x3944d0e8, 0x3944d200, 0x399c0000)
}
Event: 6.426 GC heap before
{Heap before GC invocations=32 (full 2):
 def new generation   total 5824K, used 5286K [0x243c0000, 0x24a10000, 0x29910000)
  eden space 5184K,  97% used [0x243c0000, 0x248a9cc8, 0x248d0000)
  from space 640K,  39% used [0x248d0000, 0x2490fcb8, 0x24970000)
  to   space 640K,   0% used [0x24970000, 0x24970000, 0x24a10000)
 tenured generation   total 12812K, used 11286K [0x29910000, 0x2a593000, 0x343c0000)
   the space 12812K,  88% used [0x29910000, 0x2a415848, 0x2a415a00, 0x2a593000)
 compacting perm gen  total 12288K, used 1825K [0x343c0000, 0x34fc0000, 0x383c0000)
   the space 12288K,  14% used [0x343c0000, 0x34588570, 0x34588600, 0x34fc0000)
    ro space 10240K,  45% used [0x383c0000, 0x38849b28, 0x38849c00, 0x38dc0000)
    rw space 12288K,  54% used [0x38dc0000, 0x3944d0e8, 0x3944d200, 0x399c0000)
Event: 6.427 GC heap after
Heap after GC invocations=33 (full 2):
 def new generation   total 5824K, used 255K [0x243c0000, 0x24a10000, 0x29910000)
  eden space 5184K,   0% used [0x243c0000, 0x243c0000, 0x248d0000)
  from space 640K,  39% used [0x24970000, 0x249afcb8, 0x24a10000)
  to   space 640K,   0% used [0x248d0000, 0x248d0000, 0x24970000)
 tenured generation   total 12812K, used 11286K [0x29910000, 0x2a593000, 0x343c0000)
   the space 12812K,  88% used [0x29910000, 0x2a415848, 0x2a415a00, 0x2a593000)
 compacting perm gen  total 12288K, used 1825K [0x343c0000, 0x34fc0000, 0x383c0000)
   the space 12288K,  14% used [0x343c0000, 0x34588570, 0x34588600, 0x34fc0000)
    ro space 10240K,  45% used [0x383c0000, 0x38849b28, 0x38849c00, 0x38dc0000)
    rw space 12288K,  54% used [0x38dc0000, 0x3944d0e8, 0x3944d200, 0x399c0000)
}
Event: 6.867 GC heap before
{Heap before GC invocations=33 (full 2):
 def new generation   total 5824K, used 5269K [0x243c0000, 0x24a10000, 0x29910000)
  eden space 5184K,  96% used [0x243c0000, 0x248a5ad8, 0x248d0000)
  from space 640K,  39% used [0x24970000, 0x249afcb8, 0x24a10000)
  to   space 640K,   0% used [0x248d0000, 0x248d0000, 0x24970000)
 tenured generation   total 12812K, used 11286K [0x29910000, 0x2a593000, 0x343c0000)
   the space 12812K,  88% used [0x29910000, 0x2a415848, 0x2a415a00, 0x2a593000)
 compacting perm gen  total 12288K, used 1825K [0x343c0000, 0x34fc0000, 0x383c0000)
   the space 12288K,  14% used [0x343c0000, 0x34588570, 0x34588600, 0x34fc0000)
    ro space 10240K,  45% used [0x383c0000, 0x38849b28, 0x38849c00, 0x38dc0000)
    rw space 12288K,  54% used [0x38dc0000, 0x3944d0e8, 0x3944d200, 0x399c0000)
Event: 6.867 GC heap after
Heap after GC invocations=34 (full 2):
 def new generation   total 5824K, used 255K [0x243c0000, 0x24a10000, 0x29910000)
  eden space 5184K,   0% used [0x243c0000, 0x243c0000, 0x248d0000)
  from space 640K,  39% used [0x248d0000, 0x2490fcb8, 0x24970000)
  to   space 640K,   0% used [0x24970000, 0x24970000, 0x24a10000)
 tenured generation   total 12812K, used 11286K [0x29910000, 0x2a593000, 0x343c0000)
   the space 12812K,  88% used [0x29910000, 0x2a415848, 0x2a415a00, 0x2a593000)
 compacting perm gen  total 12288K, used 1825K [0x343c0000, 0x34fc0000, 0x383c0000)
   the space 12288K,  14% used [0x343c0000, 0x34588570, 0x34588600, 0x34fc0000)
    ro space 10240K,  45% used [0x383c0000, 0x38849b28, 0x38849c00, 0x38dc0000)
    rw space 12288K,  54% used [0x38dc0000, 0x3944d0e8, 0x3944d200, 0x399c0000)
}

