# JRE version: 7.0_25-b16
# Java VM: Java HotSpot(TM) Client VM (23.25-b01 mixed mode, sharing windows-x86 )
Heap
 def new generation   total 27008K, used 21756K [0x243c0000, 0x26100000, 0x29910000)
  eden space 24064K,  90% used [0x243c0000, 0x258fee98, 0x25b40000)
  from space 2944K,   0% used [0x25b40000, 0x25b402b0, 0x25e20000)
  to   space 2944K,   0% used [0x25e20000, 0x25e20000, 0x26100000)
 tenured generation   total 59852K, used 40804K [0x29910000, 0x2d383000, 0x343c0000)
   the space 59852K,  68% used [0x29910000, 0x2c0e9220, 0x2c0e9400, 0x2d383000)
 compacting perm gen  total 12288K, used 1402K [0x343c0000, 0x34fc0000, 0x383c0000)
   the space 12288K,  11% used [0x343c0000, 0x3451eab8, 0x3451ec00, 0x34fc0000)
    ro space 10240K,  45% used [0x383c0000, 0x38849b28, 0x38849c00, 0x38dc0000)
    rw space 12288K,  54% used [0x38dc0000, 0x3944d0e8, 0x3944d200, 0x399c0000)
GC Heap History (10 events):
Event: 20.640 GC heap before
{Heap before GC invocations=95 (full 24):
 def new generation   total 27008K, used 21782K [0x243c0000, 0x26100000, 0x29910000)
  eden space 24064K,  90% used [0x243c0000, 0x25905a08, 0x25b40000)
  from space 2944K,   0% used [0x25e20000, 0x25e201b0, 0x26100000)
  to   space 2944K,   0% used [0x25b40000, 0x25b40000, 0x25e20000)
 tenured generation   total 59852K, used 30004K [0x29910000, 0x2d383000, 0x343c0000)
   the space 59852K,  50% used [0x29910000, 0x2b65d1f0, 0x2b65d200, 0x2d383000)
 compacting perm gen  total 12288K, used 1402K [0x343c0000, 0x34fc0000, 0x383c0000)
   the space 12288K,  11% used [0x343c0000, 0x3451eab8, 0x3451ec00, 0x34fc0000)
    ro space 10240K,  45% used [0x383c0000, 0x38849b28, 0x38849c00, 0x38dc0000)
    rw space 12288K,  54% used [0x38dc0000, 0x3944d0e8, 0x3944d200, 0x399c0000)
Event: 20.643 GC heap after
Heap after GC invocations=96 (full 24):
 def new generation   total 27008K, used 0K [0x243c0000, 0x26100000, 0x29910000)
  eden space 24064K,   0% used [0x243c0000, 0x243c0000, 0x25b40000)
  from space 2944K,   0% used [0x25b40000, 0x25b401b0, 0x25e20000)
  to   space 2944K,   0% used [0x25e20000, 0x25e20000, 0x26100000)
 tenured generation   total 59852K, used 40804K [0x29910000, 0x2d383000, 0x343c0000)
   the space 59852K,  68% used [0x29910000, 0x2c0e9220, 0x2c0e9400, 0x2d383000)
 compacting perm gen  total 12288K, used 1402K [0x343c0000, 0x34fc0000, 0x383c0000)
   the space 12288K,  11% used [0x343c0000, 0x3451eab8, 0x3451ec00, 0x34fc0000)
    ro space 10240K,  45% used [0x383c0000, 0x38849b28, 0x38849c00, 0x38dc0000)
    rw space 12288K,  54% used [0x38dc0000, 0x3944d0e8, 0x3944d200, 0x399c0000)
}
Event: 20.904 GC heap before
{Heap before GC invocations=96 (full 24):
 def new generation   total 27008K, used 21702K [0x243c0000, 0x26100000, 0x29910000)
  eden space 24064K,  90% used [0x243c0000, 0x258f1710, 0x25b40000)
  from space 2944K,   0% used [0x25b40000, 0x25b401b0, 0x25e20000)
  to   space 2944K,   0% used [0x25e20000, 0x25e20000, 0x26100000)
 tenured generation   total 59852K, used 40804K [0x29910000, 0x2d383000, 0x343c0000)
   the space 59852K,  68% used [0x29910000, 0x2c0e9220, 0x2c0e9400, 0x2d383000)
 compacting perm gen  total 12288K, used 1402K [0x343c0000, 0x34fc0000, 0x383c0000)
   the space 12288K,  11% used [0x343c0000, 0x3451eab8, 0x3451ec00, 0x34fc0000)
    ro space 10240K,  45% used [0x383c0000, 0x38849b28, 0x38849c00, 0x38dc0000)
    rw space 12288K,  54% used [0x38dc0000, 0x3944d0e8, 0x3944d200, 0x399c0000)
Event: 20.907 GC heap after
Heap after GC invocations=97 (full 24):
 def new generation   total 27008K, used 0K [0x243c0000, 0x26100000, 0x29910000)
  eden space 24064K,   0% used [0x243c0000, 0x243c0000, 0x25b40000)
  from space 2944K,   0% used [0x25e20000, 0x25e201b0, 0x26100000)
  to   space 2944K,   0% used [0x25b40000, 0x25b40000, 0x25e20000)
 tenured generation   total 59852K, used 51604K [0x29910000, 0x2d383000, 0x343c0000)
   the space 59852K,  86% used [0x29910000, 0x2cb75250, 0x2cb75400, 0x2d383000)
 compacting perm gen  total 12288K, used 1402K [0x343c0000, 0x34fc0000, 0x383c0000)
   the space 12288K,  11% used [0x343c0000, 0x3451eab8, 0x3451ec00, 0x34fc0000)
    ro space 10240K,  45% used [0x383c0000, 0x38849b28, 0x38849c00, 0x38dc0000)
    rw space 12288K,  54% used [0x38dc0000, 0x3944d0e8, 0x3944d200, 0x399c0000)
}
Event: 21.173 GC heap before
{Heap before GC invocations=97 (full 24):
 def new generation   total 27008K, used 21705K [0x243c0000, 0x26100000, 0x29910000)
  eden space 24064K,  90% used [0x243c0000, 0x258f2470, 0x25b40000)
  from space 2944K,   0% used [0x25e20000, 0x25e201b0, 0x26100000)
  to   space 2944K,   0% used [0x25b40000, 0x25b40000, 0x25e20000)
 tenured generation   total 59852K, used 51604K [0x29910000, 0x2d383000, 0x343c0000)
   the space 59852K,  86% used [0x29910000, 0x2cb75250, 0x2cb75400, 0x2d383000)
 compacting perm gen  total 12288K, used 1402K [0x343c0000, 0x34fc0000, 0x383c0000)
   the space 12288K,  11% used [0x343c0000, 0x3451eab8, 0x3451ec00, 0x34fc0000)
    ro space 10240K,  45% used [0x383c0000, 0x38849b28, 0x38849c00, 0x38dc0000)
    rw space 12288K,  54% used [0x38dc0000, 0x3944d0e8, 0x3944d200, 0x399c0000)
Event: 21.192 GC heap after
Heap after GC invocations=98 (full 25):
 def new generation   total 27008K, used 0K [0x243c0000, 0x26100000, 0x29910000)
  eden space 24064K,   0% used [0x243c0000, 0x243c0000, 0x25b40000)
  from space 2944K,   0% used [0x25b40000, 0x25b40000, 0x25e20000)
  to   space 2944K,   0% used [0x25e20000, 0x25e20000, 0x26100000)
 tenured generation   total 59852K, used 19204K [0x29910000, 0x2d383000, 0x343c0000)
   the space 59852K,  32% used [0x29910000, 0x2abd11c0, 0x2abd1200, 0x2d383000)
 compacting perm gen  total 12288K, used 1402K [0x343c0000, 0x34fc0000, 0x383c0000)
   the space 12288K,  11% used [0x343c0000, 0x3451eab8, 0x3451ec00, 0x34fc0000)
    ro space 10240K,  45% used [0x383c0000, 0x38849b28, 0x38849c00, 0x38dc0000)
    rw space 12288K,  54% used [0x38dc0000, 0x3944d0e8, 0x3944d200, 0x399c0000)
}
Event: 21.466 GC heap before
{Heap before GC invocations=98 (full 25):
 def new generation   total 27008K, used 21708K [0x243c0000, 0x26100000, 0x29910000)
  eden space 24064K,  90% used [0x243c0000, 0x258f31a8, 0x25b40000)
  from space 2944K,   0% used [0x25b40000, 0x25b40000, 0x25e20000)
  to   space 2944K,   0% used [0x25e20000, 0x25e20000, 0x26100000)
 tenured generation   total 59852K, used 19204K [0x29910000, 0x2d383000, 0x343c0000)
   the space 59852K,  32% used [0x29910000, 0x2abd11c0, 0x2abd1200, 0x2d383000)
 compacting perm gen  total 12288K, used 1402K [0x343c0000, 0x34fc0000, 0x383c0000)
   the space 12288K,  11% used [0x343c0000, 0x3451eab8, 0x3451ec00, 0x34fc0000)
    ro space 10240K,  45% used [0x383c0000, 0x38849b28, 0x38849c00, 0x38dc0000)
    rw space 12288K,  54% used [0x38dc0000, 0x3944d0e8, 0x3944d200, 0x399c0000)
Event: 21.469 GC heap after
Heap after GC invocations=99 (full 25):
 def new generation   total 27008K, used 0K [0x243c0000, 0x26100000, 0x29910000)
  eden space 24064K,   0% used [0x243c0000, 0x243c0000, 0x25b40000)
  from space 2944K,   0% used [0x25e20000, 0x25e201b0, 0x26100000)
  to   space 2944K,   0% used [0x25b40000, 0x25b40000, 0x25e20000)
 tenured generation   total 59852K, used 30004K [0x29910000, 0x2d383000, 0x343c0000)
   the space 59852K,  50% used [0x29910000, 0x2b65d1f0, 0x2b65d200, 0x2d383000)
 compacting perm gen  total 12288K, used 1402K [0x343c0000, 0x34fc0000, 0x383c0000)
   the space 12288K,  11% used [0x343c0000, 0x3451eab8, 0x3451ec00, 0x34fc0000)
    ro space 10240K,  45% used [0x383c0000, 0x38849b28, 0x38849c00, 0x38dc0000)
    rw space 12288K,  54% used [0x38dc0000, 0x3944d0e8, 0x3944d200, 0x399c0000)
}
Event: 21.754 GC heap before
{Heap before GC invocations=99 (full 25):
 def new generation   total 27008K, used 21755K [0x243c0000, 0x26100000, 0x29910000)
  eden space 24064K,  90% used [0x243c0000, 0x258fecd8, 0x25b40000)
  from space 2944K,   0% used [0x25e20000, 0x25e201b0, 0x26100000)
  to   space 2944K,   0% used [0x25b40000, 0x25b40000, 0x25e20000)
 tenured generation   total 59852K, used 30004K [0x29910000, 0x2d383000, 0x343c0000)
   the space 59852K,  50% used [0x29910000, 0x2b65d1f0, 0x2b65d200, 0x2d383000)
 compacting perm gen  total 12288K, used 1402K [0x343c0000, 0x34fc0000, 0x383c0000)
   the space 12288K,  11% used [0x343c0000, 0x3451eab8, 0x3451ec00, 0x34fc0000)
    ro space 10240K,  45% used [0x383c0000, 0x38849b28, 0x38849c00, 0x38dc0000)
    rw space 12288K,  54% used [0x38dc0000, 0x3944d0e8, 0x3944d200, 0x399c0000)
Event: 21.757 GC heap after
Heap after GC invocations=100 (full 25):
 def new generation   total 27008K, used 0K [0x243c0000, 0x26100000, 0x29910000)
  eden space 24064K,   0% used [0x243c0000, 0x243c0000, 0x25b40000)
  from space 2944K,   0% used [0x25b40000, 0x25b402b0, 0x25e20000)
  to   space 2944K,   0% used [0x25e20000, 0x25e20000, 0x26100000)
 tenured generation   total 59852K, used 40804K [0x29910000, 0x2d383000, 0x343c0000)
   the space 59852K,  68% used [0x29910000, 0x2c0e9220, 0x2c0e9400, 0x2d383000)
 compacting perm gen  total 12288K, used 1402K [0x343c0000, 0x34fc0000, 0x383c0000)
   the space 12288K,  11% used [0x343c0000, 0x3451eab8, 0x3451ec00, 0x34fc0000)
    ro space 10240K,  45% used [0x383c0000, 0x38849b28, 0x38849c00, 0x38dc0000)
    rw space 12288K,  54% used [0x38dc0000, 0x3944d0e8, 0x3944d200, 0x399c0000)
}

