# JRE version: 7.0_25-b16
# Java VM: Java HotSpot(TM) Client VM (23.25-b01 mixed mode, sharing windows-x86 )
Heap
 def new generation   total 75136K, used 63303K [0x243c0000, 0x29540000, 0x29910000)
  eden space 66816K,  83% used [0x243c0000, 0x27a89b40, 0x28500000)
  from space 8320K,  86% used [0x28500000, 0x28c08248, 0x28d20000)
  to   space 8320K,   0% used [0x28d20000, 0x28d20000, 0x29540000)
 tenured generation   total 166764K, used 22835K [0x29910000, 0x33beb000, 0x343c0000)
   the space 166764K,  13% used [0x29910000, 0x2af5ccb8, 0x2af5ce00, 0x33beb000)
 compacting perm gen  total 12288K, used 1402K [0x343c0000, 0x34fc0000, 0x383c0000)
   the space 12288K,  11% used [0x343c0000, 0x3451ebc0, 0x3451ec00, 0x34fc0000)
    ro space 10240K,  45% used [0x383c0000, 0x38849b28, 0x38849c00, 0x38dc0000)
    rw space 12288K,  54% used [0x38dc0000, 0x3944d0e8, 0x3944d200, 0x399c0000)
GC Heap History (10 events):
Event: 5.033 GC heap before
{Heap before GC invocations=50 (full 16):
 def new generation   total 75136K, used 71357K [0x243c0000, 0x29540000, 0x29910000)
  eden space 66816K,  96% used [0x243c0000, 0x282673d8, 0x28500000)
  from space 8320K,  86% used [0x28d20000, 0x294281e8, 0x29540000)
  to   space 8320K,   0% used [0x28500000, 0x28500000, 0x28d20000)
 tenured generation   total 166764K, used 19205K [0x29910000, 0x33beb000, 0x343c0000)
   the space 166764K,  11% used [0x29910000, 0x2abd1670, 0x2abd1800, 0x33beb000)
 compacting perm gen  total 12288K, used 1402K [0x343c0000, 0x34fc0000, 0x383c0000)
   the space 12288K,  11% used [0x343c0000, 0x3451eba0, 0x3451ec00, 0x34fc0000)
    ro space 10240K,  45% used [0x383c0000, 0x38849b28, 0x38849c00, 0x38dc0000)
    rw space 12288K,  54% used [0x38dc0000, 0x3944d0e8, 0x3944d200, 0x399c0000)
Event: 5.036 GC heap after
Heap after GC invocations=51 (full 16):
 def new generation   total 75136K, used 7229K [0x243c0000, 0x29540000, 0x29910000)
  eden space 66816K,   0% used [0x243c0000, 0x243c0000, 0x28500000)
  from space 8320K,  86% used [0x28500000, 0x28c0f778, 0x28d20000)
  to   space 8320K,   0% used [0x28d20000, 0x28d20000, 0x29540000)
 tenured generation   total 166764K, used 19205K [0x29910000, 0x33beb000, 0x343c0000)
   the space 166764K,  11% used [0x29910000, 0x2abd1670, 0x2abd1800, 0x33beb000)
 compacting perm gen  total 12288K, used 1402K [0x343c0000, 0x34fc0000, 0x383c0000)
   the space 12288K,  11% used [0x343c0000, 0x3451eba0, 0x3451ec00, 0x34fc0000)
    ro space 10240K,  45% used [0x383c0000, 0x38849b28, 0x38849c00, 0x38dc0000)
    rw space 12288K,  54% used [0x38dc0000, 0x3944d0e8, 0x3944d200, 0x399c0000)
}
Event: 5.446 GC heap before
{Heap before GC invocations=51 (full 16):
 def new generation   total 75136K, used 71260K [0x243c0000, 0x29540000, 0x29910000)
  eden space 66816K,  95% used [0x243c0000, 0x28247b88, 0x28500000)
  from space 8320K,  86% used [0x28500000, 0x28c0f778, 0x28d20000)
  to   space 8320K,   0% used [0x28d20000, 0x28d20000, 0x29540000)
 tenured generation   total 166764K, used 19205K [0x29910000, 0x33beb000, 0x343c0000)
   the space 166764K,  11% used [0x29910000, 0x2abd1670, 0x2abd1800, 0x33beb000)
 compacting perm gen  total 12288K, used 1402K [0x343c0000, 0x34fc0000, 0x383c0000)
   the space 12288K,  11% used [0x343c0000, 0x3451ebb0, 0x3451ec00, 0x34fc0000)
    ro space 10240K,  45% used [0x383c0000, 0x38849b28, 0x38849c00, 0x38dc0000)
    rw space 12288K,  54% used [0x38dc0000, 0x3944d0e8, 0x3944d200, 0x399c0000)
Event: 5.449 GC heap after
Heap after GC invocations=52 (full 16):
 def new generation   total 75136K, used 7201K [0x243c0000, 0x29540000, 0x29910000)
  eden space 66816K,   0% used [0x243c0000, 0x243c0000, 0x28500000)
  from space 8320K,  86% used [0x28d20000, 0x29428548, 0x29540000)
  to   space 8320K,   0% used [0x28500000, 0x28500000, 0x28d20000)
 tenured generation   total 166764K, used 19234K [0x29910000, 0x33beb000, 0x343c0000)
   the space 166764K,  11% used [0x29910000, 0x2abd8b50, 0x2abd8c00, 0x33beb000)
 compacting perm gen  total 12288K, used 1402K [0x343c0000, 0x34fc0000, 0x383c0000)
   the space 12288K,  11% used [0x343c0000, 0x3451ebb0, 0x3451ec00, 0x34fc0000)
    ro space 10240K,  45% used [0x383c0000, 0x38849b28, 0x38849c00, 0x38dc0000)
    rw space 12288K,  54% used [0x38dc0000, 0x3944d0e8, 0x3944d200, 0x399c0000)
}
Event: 5.863 GC heap before
{Heap before GC invocations=52 (full 16):
 def new generation   total 75136K, used 71619K [0x243c0000, 0x29540000, 0x29910000)
  eden space 66816K,  96% used [0x243c0000, 0x282a8700, 0x28500000)
  from space 8320K,  86% used [0x28d20000, 0x29428548, 0x29540000)
  to   space 8320K,   0% used [0x28500000, 0x28500000, 0x28d20000)
 tenured generation   total 166764K, used 19234K [0x29910000, 0x33beb000, 0x343c0000)
   the space 166764K,  11% used [0x29910000, 0x2abd8b50, 0x2abd8c00, 0x33beb000)
 compacting perm gen  total 12288K, used 1402K [0x343c0000, 0x34fc0000, 0x383c0000)
   the space 12288K,  11% used [0x343c0000, 0x3451ebc0, 0x3451ec00, 0x34fc0000)
    ro space 10240K,  45% used [0x383c0000, 0x38849b28, 0x38849c00, 0x38dc0000)
    rw space 12288K,  54% used [0x38dc0000, 0x3944d0e8, 0x3944d200, 0x399c0000)
Event: 5.867 GC heap after
Heap after GC invocations=53 (full 16):
 def new generation   total 75136K, used 7323K [0x243c0000, 0x29540000, 0x29910000)
  eden space 66816K,   0% used [0x243c0000, 0x243c0000, 0x28500000)
  from space 8320K,  88% used [0x28500000, 0x28c26d10, 0x28d20000)
  to   space 8320K,   0% used [0x28d20000, 0x28d20000, 0x29540000)
 tenured generation   total 166764K, used 22835K [0x29910000, 0x33beb000, 0x343c0000)
   the space 166764K,  13% used [0x29910000, 0x2af5ccb8, 0x2af5ce00, 0x33beb000)
 compacting perm gen  total 12288K, used 1402K [0x343c0000, 0x34fc0000, 0x383c0000)
   the space 12288K,  11% used [0x343c0000, 0x3451ebc0, 0x3451ec00, 0x34fc0000)
    ro space 10240K,  45% used [0x383c0000, 0x38849b28, 0x38849c00, 0x38dc0000)
    rw space 12288K,  54% used [0x38dc0000, 0x3944d0e8, 0x3944d200, 0x399c0000)
}
Event: 6.344 GC heap before
{Heap before GC invocations=53 (full 16):
 def new generation   total 75136K, used 71518K [0x243c0000, 0x29540000, 0x29910000)
  eden space 66816K,  96% used [0x243c0000, 0x28270b80, 0x28500000)
  from space 8320K,  88% used [0x28500000, 0x28c26d10, 0x28d20000)
  to   space 8320K,   0% used [0x28d20000, 0x28d20000, 0x29540000)
 tenured generation   total 166764K, used 22835K [0x29910000, 0x33beb000, 0x343c0000)
   the space 166764K,  13% used [0x29910000, 0x2af5ccb8, 0x2af5ce00, 0x33beb000)
 compacting perm gen  total 12288K, used 1402K [0x343c0000, 0x34fc0000, 0x383c0000)
   the space 12288K,  11% used [0x343c0000, 0x3451ebc0, 0x3451ec00, 0x34fc0000)
    ro space 10240K,  45% used [0x383c0000, 0x38849b28, 0x38849c00, 0x38dc0000)
    rw space 12288K,  54% used [0x38dc0000, 0x3944d0e8, 0x3944d200, 0x399c0000)
Event: 6.346 GC heap after
Heap after GC invocations=54 (full 16):
 def new generation   total 75136K, used 7200K [0x243c0000, 0x29540000, 0x29910000)
  eden space 66816K,   0% used [0x243c0000, 0x243c0000, 0x28500000)
  from space 8320K,  86% used [0x28d20000, 0x294281e8, 0x29540000)
  to   space 8320K,   0% used [0x28500000, 0x28500000, 0x28d20000)
 tenured generation   total 166764K, used 22835K [0x29910000, 0x33beb000, 0x343c0000)
   the space 166764K,  13% used [0x29910000, 0x2af5ccb8, 0x2af5ce00, 0x33beb000)
 compacting perm gen  total 12288K, used 1402K [0x343c0000, 0x34fc0000, 0x383c0000)
   the space 12288K,  11% used [0x343c0000, 0x3451ebc0, 0x3451ec00, 0x34fc0000)
    ro space 10240K,  45% used [0x383c0000, 0x38849b28, 0x38849c00, 0x38dc0000)
    rw space 12288K,  54% used [0x38dc0000, 0x3944d0e8, 0x3944d200, 0x399c0000)
}
Event: 6.753 GC heap before
{Heap before GC invocations=54 (full 16):
 def new generation   total 75136K, used 70741K [0x243c0000, 0x29540000, 0x29910000)
  eden space 66816K,  95% used [0x243c0000, 0x281cd5a0, 0x28500000)
  from space 8320K,  86% used [0x28d20000, 0x294281e8, 0x29540000)
  to   space 8320K,   0% used [0x28500000, 0x28500000, 0x28d20000)
 tenured generation   total 166764K, used 22835K [0x29910000, 0x33beb000, 0x343c0000)
   the space 166764K,  13% used [0x29910000, 0x2af5ccb8, 0x2af5ce00, 0x33beb000)
 compacting perm gen  total 12288K, used 1402K [0x343c0000, 0x34fc0000, 0x383c0000)
   the space 12288K,  11% used [0x343c0000, 0x3451ebc0, 0x3451ec00, 0x34fc0000)
    ro space 10240K,  45% used [0x383c0000, 0x38849b28, 0x38849c00, 0x38dc0000)
    rw space 12288K,  54% used [0x38dc0000, 0x3944d0e8, 0x3944d200, 0x399c0000)
Event: 6.755 GC heap after
Heap after GC invocations=55 (full 16):
 def new generation   total 75136K, used 7200K [0x243c0000, 0x29540000, 0x29910000)
  eden space 66816K,   0% used [0x243c0000, 0x243c0000, 0x28500000)
  from space 8320K,  86% used [0x28500000, 0x28c08248, 0x28d20000)
  to   space 8320K,   0% used [0x28d20000, 0x28d20000, 0x29540000)
 tenured generation   total 166764K, used 22835K [0x29910000, 0x33beb000, 0x343c0000)
   the space 166764K,  13% used [0x29910000, 0x2af5ccb8, 0x2af5ce00, 0x33beb000)
 compacting perm gen  total 12288K, used 1402K [0x343c0000, 0x34fc0000, 0x383c0000)
   the space 12288K,  11% used [0x343c0000, 0x3451ebc0, 0x3451ec00, 0x34fc0000)
    ro space 10240K,  45% used [0x383c0000, 0x38849b28, 0x38849c00, 0x38dc0000)
    rw space 12288K,  54% used [0x38dc0000, 0x3944d0e8, 0x3944d200, 0x399c0000)
}

