# JRE version: 7.0_25-b16
# Java VM: Java HotSpot(TM) Client VM (23.25-b01 mixed mode, sharing windows-x86 )
Heap
 def new generation   total 14592K, used 3612K [0x243c0000, 0x25390000, 0x29910000)
  eden space 12992K,  27% used [0x243c0000, 0x247471a0, 0x25070000)
  from space 1600K,   0% used [0x25070000, 0x25070000, 0x25200000)
  to   space 1600K,   0% used [0x25200000, 0x25200000, 0x25390000)
 tenured generation   total 32228K, used 19227K [0x29910000, 0x2b889000, 0x343c0000)
   the space 32228K,  59% used [0x29910000, 0x2abd6d38, 0x2abd6e00, 0x2b889000)
 compacting perm gen  total 12288K, used 1402K [0x343c0000, 0x34fc0000, 0x383c0000)
   the space 12288K,  11% used [0x343c0000, 0x3451eaf8, 0x3451ec00, 0x34fc0000)
    ro space 10240K,  45% used [0x383c0000, 0x38849b28, 0x38849c00, 0x38dc0000)
    rw space 12288K,  54% used [0x38dc0000, 0x3944d0e8, 0x3944d200, 0x399c0000)
GC Heap History (10 events):
Event: 24.652 GC heap before
{Heap before GC invocations=148 (full 72):
 def new generation   total 14592K, used 10804K [0x243c0000, 0x25390000, 0x29910000)
  eden space 12992K,  83% used [0x243c0000, 0x24e4d080, 0x25070000)
  from space 1600K,   0% used [0x25200000, 0x25200190, 0x25390000)
  to   space 1600K,   0% used [0x25070000, 0x25070000, 0x25200000)
 tenured generation   total 32228K, used 30026K [0x29910000, 0x2b889000, 0x343c0000)
   the space 32228K,  93% used [0x29910000, 0x2b662bd8, 0x2b662c00, 0x2b889000)
 compacting perm gen  total 12288K, used 1402K [0x343c0000, 0x34fc0000, 0x383c0000)
   the space 12288K,  11% used [0x343c0000, 0x3451eaf8, 0x3451ec00, 0x34fc0000)
    ro space 10240K,  45% used [0x383c0000, 0x38849b28, 0x38849c00, 0x38dc0000)
    rw space 12288K,  54% used [0x38dc0000, 0x3944d0e8, 0x3944d200, 0x399c0000)
Event: 24.673 GC heap after
Heap after GC invocations=149 (full 73):
 def new generation   total 14592K, used 0K [0x243c0000, 0x25390000, 0x29910000)
  eden space 12992K,   0% used [0x243c0000, 0x243c0000, 0x25070000)
  from space 1600K,   0% used [0x25070000, 0x25070000, 0x25200000)
  to   space 1600K,   0% used [0x25200000, 0x25200000, 0x25390000)
 tenured generation   total 32228K, used 19226K [0x29910000, 0x2b889000, 0x343c0000)
   the space 32228K,  59% used [0x29910000, 0x2abd6ba8, 0x2abd6c00, 0x2b889000)
 compacting perm gen  total 12288K, used 1402K [0x343c0000, 0x34fc0000, 0x383c0000)
   the space 12288K,  11% used [0x343c0000, 0x3451eaf8, 0x3451ec00, 0x34fc0000)
    ro space 10240K,  45% used [0x383c0000, 0x38849b28, 0x38849c00, 0x38dc0000)
    rw space 12288K,  54% used [0x38dc0000, 0x3944d0e8, 0x3944d200, 0x399c0000)
}
Event: 24.821 GC heap before
{Heap before GC invocations=149 (full 73):
 def new generation   total 14592K, used 10809K [0x243c0000, 0x25390000, 0x29910000)
  eden space 12992K,  83% used [0x243c0000, 0x24e4e530, 0x25070000)
  from space 1600K,   0% used [0x25070000, 0x25070000, 0x25200000)
  to   space 1600K,   0% used [0x25200000, 0x25200000, 0x25390000)
 tenured generation   total 32228K, used 19226K [0x29910000, 0x2b889000, 0x343c0000)
   the space 32228K,  59% used [0x29910000, 0x2abd6ba8, 0x2abd6c00, 0x2b889000)
 compacting perm gen  total 12288K, used 1402K [0x343c0000, 0x34fc0000, 0x383c0000)
   the space 12288K,  11% used [0x343c0000, 0x3451eaf8, 0x3451ec00, 0x34fc0000)
    ro space 10240K,  45% used [0x383c0000, 0x38849b28, 0x38849c00, 0x38dc0000)
    rw space 12288K,  54% used [0x38dc0000, 0x3944d0e8, 0x3944d200, 0x399c0000)
Event: 24.825 GC heap after
Heap after GC invocations=150 (full 73):
 def new generation   total 14592K, used 0K [0x243c0000, 0x25390000, 0x29910000)
  eden space 12992K,   0% used [0x243c0000, 0x243c0000, 0x25070000)
  from space 1600K,   0% used [0x25200000, 0x25200328, 0x25390000)
  to   space 1600K,   0% used [0x25070000, 0x25070000, 0x25200000)
 tenured generation   total 32228K, used 30026K [0x29910000, 0x2b889000, 0x343c0000)
   the space 32228K,  93% used [0x29910000, 0x2b662bd8, 0x2b662c00, 0x2b889000)
 compacting perm gen  total 12288K, used 1402K [0x343c0000, 0x34fc0000, 0x383c0000)
   the space 12288K,  11% used [0x343c0000, 0x3451eaf8, 0x3451ec00, 0x34fc0000)
    ro space 10240K,  45% used [0x383c0000, 0x38849b28, 0x38849c00, 0x38dc0000)
    rw space 12288K,  54% used [0x38dc0000, 0x3944d0e8, 0x3944d200, 0x399c0000)
}
Event: 24.961 GC heap before
{Heap before GC invocations=150 (full 73):
 def new generation   total 14592K, used 10802K [0x243c0000, 0x25390000, 0x29910000)
  eden space 12992K,  83% used [0x243c0000, 0x24e4c830, 0x25070000)
  from space 1600K,   0% used [0x25200000, 0x25200328, 0x25390000)
  to   space 1600K,   0% used [0x25070000, 0x25070000, 0x25200000)
 tenured generation   total 32228K, used 30026K [0x29910000, 0x2b889000, 0x343c0000)
   the space 32228K,  93% used [0x29910000, 0x2b662bd8, 0x2b662c00, 0x2b889000)
 compacting perm gen  total 12288K, used 1402K [0x343c0000, 0x34fc0000, 0x383c0000)
   the space 12288K,  11% used [0x343c0000, 0x3451eaf8, 0x3451ec00, 0x34fc0000)
    ro space 10240K,  45% used [0x383c0000, 0x38849b28, 0x38849c00, 0x38dc0000)
    rw space 12288K,  54% used [0x38dc0000, 0x3944d0e8, 0x3944d200, 0x399c0000)
Event: 24.980 GC heap after
Heap after GC invocations=151 (full 74):
 def new generation   total 14592K, used 0K [0x243c0000, 0x25390000, 0x29910000)
  eden space 12992K,   0% used [0x243c0000, 0x243c0000, 0x25070000)
  from space 1600K,   0% used [0x25070000, 0x25070000, 0x25200000)
  to   space 1600K,   0% used [0x25200000, 0x25200000, 0x25390000)
 tenured generation   total 32228K, used 19227K [0x29910000, 0x2b889000, 0x343c0000)
   the space 32228K,  59% used [0x29910000, 0x2abd6d38, 0x2abd6e00, 0x2b889000)
 compacting perm gen  total 12288K, used 1402K [0x343c0000, 0x34fc0000, 0x383c0000)
   the space 12288K,  11% used [0x343c0000, 0x3451eaf8, 0x3451ec00, 0x34fc0000)
    ro space 10240K,  45% used [0x383c0000, 0x38849b28, 0x38849c00, 0x38dc0000)
    rw space 12288K,  54% used [0x38dc0000, 0x3944d0e8, 0x3944d200, 0x399c0000)
}
Event: 25.109 GC heap before
{Heap before GC invocations=151 (full 74):
 def new generation   total 14592K, used 10802K [0x243c0000, 0x25390000, 0x29910000)
  eden space 12992K,  83% used [0x243c0000, 0x24e4c830, 0x25070000)
  from space 1600K,   0% used [0x25070000, 0x25070000, 0x25200000)
  to   space 1600K,   0% used [0x25200000, 0x25200000, 0x25390000)
 tenured generation   total 32228K, used 19227K [0x29910000, 0x2b889000, 0x343c0000)
   the space 32228K,  59% used [0x29910000, 0x2abd6d38, 0x2abd6e00, 0x2b889000)
 compacting perm gen  total 12288K, used 1402K [0x343c0000, 0x34fc0000, 0x383c0000)
   the space 12288K,  11% used [0x343c0000, 0x3451eaf8, 0x3451ec00, 0x34fc0000)
    ro space 10240K,  45% used [0x383c0000, 0x38849b28, 0x38849c00, 0x38dc0000)
    rw space 12288K,  54% used [0x38dc0000, 0x3944d0e8, 0x3944d200, 0x399c0000)
Event: 25.112 GC heap after
Heap after GC invocations=152 (full 74):
 def new generation   total 14592K, used 0K [0x243c0000, 0x25390000, 0x29910000)
  eden space 12992K,   0% used [0x243c0000, 0x243c0000, 0x25070000)
  from space 1600K,   0% used [0x25200000, 0x25200158, 0x25390000)
  to   space 1600K,   0% used [0x25070000, 0x25070000, 0x25200000)
 tenured generation   total 32228K, used 30027K [0x29910000, 0x2b889000, 0x343c0000)
   the space 32228K,  93% used [0x29910000, 0x2b662d68, 0x2b662e00, 0x2b889000)
 compacting perm gen  total 12288K, used 1402K [0x343c0000, 0x34fc0000, 0x383c0000)
   the space 12288K,  11% used [0x343c0000, 0x3451eaf8, 0x3451ec00, 0x34fc0000)
    ro space 10240K,  45% used [0x383c0000, 0x38849b28, 0x38849c00, 0x38dc0000)
    rw space 12288K,  54% used [0x38dc0000, 0x3944d0e8, 0x3944d200, 0x399c0000)
}
Event: 25.240 GC heap before
{Heap before GC invocations=152 (full 74):
 def new generation   total 14592K, used 10802K [0x243c0000, 0x25390000, 0x29910000)
  eden space 12992K,  83% used [0x243c0000, 0x24e4c830, 0x25070000)
  from space 1600K,   0% used [0x25200000, 0x25200158, 0x25390000)
  to   space 1600K,   0% used [0x25070000, 0x25070000, 0x25200000)
 tenured generation   total 32228K, used 30027K [0x29910000, 0x2b889000, 0x343c0000)
   the space 32228K,  93% used [0x29910000, 0x2b662d68, 0x2b662e00, 0x2b889000)
 compacting perm gen  total 12288K, used 1402K [0x343c0000, 0x34fc0000, 0x383c0000)
   the space 12288K,  11% used [0x343c0000, 0x3451eaf8, 0x3451ec00, 0x34fc0000)
    ro space 10240K,  45% used [0x383c0000, 0x38849b28, 0x38849c00, 0x38dc0000)
    rw space 12288K,  54% used [0x38dc0000, 0x3944d0e8, 0x3944d200, 0x399c0000)
Event: 25.262 GC heap after
Heap after GC invocations=153 (full 75):
 def new generation   total 14592K, used 0K [0x243c0000, 0x25390000, 0x29910000)
  eden space 12992K,   0% used [0x243c0000, 0x243c0000, 0x25070000)
  from space 1600K,   0% used [0x25070000, 0x25070000, 0x25200000)
  to   space 1600K,   0% used [0x25200000, 0x25200000, 0x25390000)
 tenured generation   total 32228K, used 19227K [0x29910000, 0x2b889000, 0x343c0000)
   the space 32228K,  59% used [0x29910000, 0x2abd6d38, 0x2abd6e00, 0x2b889000)
 compacting perm gen  total 12288K, used 1402K [0x343c0000, 0x34fc0000, 0x383c0000)
   the space 12288K,  11% used [0x343c0000, 0x3451eaf8, 0x3451ec00, 0x34fc0000)
    ro space 10240K,  45% used [0x383c0000, 0x38849b28, 0x38849c00, 0x38dc0000)
    rw space 12288K,  54% used [0x38dc0000, 0x3944d0e8, 0x3944d200, 0x399c0000)
}

