# JRE version: 7.0_25-b16
# Java VM: Java HotSpot(TM) Client VM (23.25-b01 mixed mode, sharing windows-x86 )
Heap
 def new generation   total 19968K, used 11318K [0x243c0000, 0x25960000, 0x29910000)
  eden space 17792K,  63% used [0x243c0000, 0x24ecda58, 0x25520000)
  from space 2176K,   0% used [0x25740000, 0x25740170, 0x25960000)
  to   space 2176K,   0% used [0x25520000, 0x25520000, 0x25740000)
 tenured generation   total 44248K, used 22815K [0x29910000, 0x2c446000, 0x343c0000)
   the space 44248K,  51% used [0x29910000, 0x2af57f60, 0x2af58000, 0x2c446000)
 compacting perm gen  total 12288K, used 1402K [0x343c0000, 0x34fc0000, 0x383c0000)
   the space 12288K,  11% used [0x343c0000, 0x3451eb80, 0x3451ec00, 0x34fc0000)
    ro space 10240K,  45% used [0x383c0000, 0x38849b28, 0x38849c00, 0x38dc0000)
    rw space 12288K,  54% used [0x38dc0000, 0x3944d0e8, 0x3944d200, 0x399c0000)
GC Heap History (10 events):
Event: 3.349 GC heap before
{Heap before GC invocations=35 (full 11):
 def new generation   total 19968K, used 15036K [0x243c0000, 0x25960000, 0x29910000)
  eden space 17792K,  84% used [0x243c0000, 0x2526f048, 0x25520000)
  from space 2176K,   0% used [0x25520000, 0x25520000, 0x25740000)
  to   space 2176K,   0% used [0x25740000, 0x25740000, 0x25960000)
 tenured generation   total 44248K, used 15615K [0x29910000, 0x2c446000, 0x343c0000)
   the space 44248K,  35% used [0x29910000, 0x2a84ff98, 0x2a850000, 0x2c446000)
 compacting perm gen  total 12288K, used 1402K [0x343c0000, 0x34fc0000, 0x383c0000)
   the space 12288K,  11% used [0x343c0000, 0x3451eb90, 0x3451ec00, 0x34fc0000)
    ro space 10240K,  45% used [0x383c0000, 0x38849b28, 0x38849c00, 0x38dc0000)
    rw space 12288K,  54% used [0x38dc0000, 0x3944d0e8, 0x3944d200, 0x399c0000)
Event: 3.351 GC heap after
Heap after GC invocations=36 (full 11):
 def new generation   total 19968K, used 0K [0x243c0000, 0x25960000, 0x29910000)
  eden space 17792K,   0% used [0x243c0000, 0x243c0000, 0x25520000)
  from space 2176K,   0% used [0x25740000, 0x25740208, 0x25960000)
  to   space 2176K,   0% used [0x25520000, 0x25520000, 0x25740000)
 tenured generation   total 44248K, used 22815K [0x29910000, 0x2c446000, 0x343c0000)
   the space 44248K,  51% used [0x29910000, 0x2af57fb8, 0x2af58000, 0x2c446000)
 compacting perm gen  total 12288K, used 1402K [0x343c0000, 0x34fc0000, 0x383c0000)
   the space 12288K,  11% used [0x343c0000, 0x3451eb90, 0x3451ec00, 0x34fc0000)
    ro space 10240K,  45% used [0x383c0000, 0x38849b28, 0x38849c00, 0x38dc0000)
    rw space 12288K,  54% used [0x38dc0000, 0x3944d0e8, 0x3944d200, 0x399c0000)
}
Event: 3.446 GC heap before
{Heap before GC invocations=36 (full 11):
 def new generation   total 19968K, used 14924K [0x243c0000, 0x25960000, 0x29910000)
  eden space 17792K,  83% used [0x243c0000, 0x252530d8, 0x25520000)
  from space 2176K,   0% used [0x25740000, 0x25740208, 0x25960000)
  to   space 2176K,   0% used [0x25520000, 0x25520000, 0x25740000)
 tenured generation   total 44248K, used 22815K [0x29910000, 0x2c446000, 0x343c0000)
   the space 44248K,  51% used [0x29910000, 0x2af57fb8, 0x2af58000, 0x2c446000)
 compacting perm gen  total 12288K, used 1402K [0x343c0000, 0x34fc0000, 0x383c0000)
   the space 12288K,  11% used [0x343c0000, 0x3451eba0, 0x3451ec00, 0x34fc0000)
    ro space 10240K,  45% used [0x383c0000, 0x38849b28, 0x38849c00, 0x38dc0000)
    rw space 12288K,  54% used [0x38dc0000, 0x3944d0e8, 0x3944d200, 0x399c0000)
Event: 3.449 GC heap after
Heap after GC invocations=37 (full 11):
 def new generation   total 19968K, used 0K [0x243c0000, 0x25960000, 0x29910000)
  eden space 17792K,   0% used [0x243c0000, 0x243c0000, 0x25520000)
  from space 2176K,   0% used [0x25520000, 0x25520220, 0x25740000)
  to   space 2176K,   0% used [0x25740000, 0x25740000, 0x25960000)
 tenured generation   total 44248K, used 30015K [0x29910000, 0x2c446000, 0x343c0000)
   the space 44248K,  67% used [0x29910000, 0x2b65ffd8, 0x2b660000, 0x2c446000)
 compacting perm gen  total 12288K, used 1402K [0x343c0000, 0x34fc0000, 0x383c0000)
   the space 12288K,  11% used [0x343c0000, 0x3451eba0, 0x3451ec00, 0x34fc0000)
    ro space 10240K,  45% used [0x383c0000, 0x38849b28, 0x38849c00, 0x38dc0000)
    rw space 12288K,  54% used [0x38dc0000, 0x3944d0e8, 0x3944d200, 0x399c0000)
}
Event: 3.546 GC heap before
{Heap before GC invocations=37 (full 11):
 def new generation   total 19968K, used 15044K [0x243c0000, 0x25960000, 0x29910000)
  eden space 17792K,  84% used [0x243c0000, 0x25271140, 0x25520000)
  from space 2176K,   0% used [0x25520000, 0x25520220, 0x25740000)
  to   space 2176K,   0% used [0x25740000, 0x25740000, 0x25960000)
 tenured generation   total 44248K, used 30015K [0x29910000, 0x2c446000, 0x343c0000)
   the space 44248K,  67% used [0x29910000, 0x2b65ffd8, 0x2b660000, 0x2c446000)
 compacting perm gen  total 12288K, used 1402K [0x343c0000, 0x34fc0000, 0x383c0000)
   the space 12288K,  11% used [0x343c0000, 0x3451eba0, 0x3451ec00, 0x34fc0000)
    ro space 10240K,  45% used [0x383c0000, 0x38849b28, 0x38849c00, 0x38dc0000)
    rw space 12288K,  54% used [0x38dc0000, 0x3944d0e8, 0x3944d200, 0x399c0000)
Event: 3.548 GC heap after
Heap after GC invocations=38 (full 11):
 def new generation   total 19968K, used 0K [0x243c0000, 0x25960000, 0x29910000)
  eden space 17792K,   0% used [0x243c0000, 0x243c0000, 0x25520000)
  from space 2176K,   0% used [0x25740000, 0x257402c8, 0x25960000)
  to   space 2176K,   0% used [0x25520000, 0x25520000, 0x25740000)
 tenured generation   total 44248K, used 37215K [0x29910000, 0x2c446000, 0x343c0000)
   the space 44248K,  84% used [0x29910000, 0x2bd67ff8, 0x2bd68000, 0x2c446000)
 compacting perm gen  total 12288K, used 1402K [0x343c0000, 0x34fc0000, 0x383c0000)
   the space 12288K,  11% used [0x343c0000, 0x3451eba0, 0x3451ec00, 0x34fc0000)
    ro space 10240K,  45% used [0x383c0000, 0x38849b28, 0x38849c00, 0x38dc0000)
    rw space 12288K,  54% used [0x38dc0000, 0x3944d0e8, 0x3944d200, 0x399c0000)
}
Event: 3.691 GC heap before
{Heap before GC invocations=38 (full 11):
 def new generation   total 19968K, used 15000K [0x243c0000, 0x25960000, 0x29910000)
  eden space 17792K,  84% used [0x243c0000, 0x25266058, 0x25520000)
  from space 2176K,   0% used [0x25740000, 0x257402c8, 0x25960000)
  to   space 2176K,   0% used [0x25520000, 0x25520000, 0x25740000)
 tenured generation   total 44248K, used 37215K [0x29910000, 0x2c446000, 0x343c0000)
   the space 44248K,  84% used [0x29910000, 0x2bd67ff8, 0x2bd68000, 0x2c446000)
 compacting perm gen  total 12288K, used 1402K [0x343c0000, 0x34fc0000, 0x383c0000)
   the space 12288K,  11% used [0x343c0000, 0x3451eba0, 0x3451ec00, 0x34fc0000)
    ro space 10240K,  45% used [0x383c0000, 0x38849b28, 0x38849c00, 0x38dc0000)
    rw space 12288K,  54% used [0x38dc0000, 0x3944d0e8, 0x3944d200, 0x399c0000)
Event: 3.706 GC heap after
Heap after GC invocations=39 (full 12):
 def new generation   total 19968K, used 0K [0x243c0000, 0x25960000, 0x29910000)
  eden space 17792K,   0% used [0x243c0000, 0x243c0000, 0x25520000)
  from space 2176K,   0% used [0x25520000, 0x25520000, 0x25740000)
  to   space 2176K,   0% used [0x25740000, 0x25740000, 0x25960000)
 tenured generation   total 44248K, used 15615K [0x29910000, 0x2c446000, 0x343c0000)
   the space 44248K,  35% used [0x29910000, 0x2a84ff40, 0x2a850000, 0x2c446000)
 compacting perm gen  total 12288K, used 1402K [0x343c0000, 0x34fc0000, 0x383c0000)
   the space 12288K,  11% used [0x343c0000, 0x3451eb80, 0x3451ec00, 0x34fc0000)
    ro space 10240K,  45% used [0x383c0000, 0x38849b28, 0x38849c00, 0x38dc0000)
    rw space 12288K,  54% used [0x38dc0000, 0x3944d0e8, 0x3944d200, 0x399c0000)
}
Event: 3.845 GC heap before
{Heap before GC invocations=39 (full 12):
 def new generation   total 19968K, used 14907K [0x243c0000, 0x25960000, 0x29910000)
  eden space 17792K,  83% used [0x243c0000, 0x2524ecf0, 0x25520000)
  from space 2176K,   0% used [0x25520000, 0x25520000, 0x25740000)
  to   space 2176K,   0% used [0x25740000, 0x25740000, 0x25960000)
 tenured generation   total 44248K, used 15615K [0x29910000, 0x2c446000, 0x343c0000)
   the space 44248K,  35% used [0x29910000, 0x2a84ff40, 0x2a850000, 0x2c446000)
 compacting perm gen  total 12288K, used 1402K [0x343c0000, 0x34fc0000, 0x383c0000)
   the space 12288K,  11% used [0x343c0000, 0x3451eb80, 0x3451ec00, 0x34fc0000)
    ro space 10240K,  45% used [0x383c0000, 0x38849b28, 0x38849c00, 0x38dc0000)
    rw space 12288K,  54% used [0x38dc0000, 0x3944d0e8, 0x3944d200, 0x399c0000)
Event: 3.848 GC heap after
Heap after GC invocations=40 (full 12):
 def new generation   total 19968K, used 0K [0x243c0000, 0x25960000, 0x29910000)
  eden space 17792K,   0% used [0x243c0000, 0x243c0000, 0x25520000)
  from space 2176K,   0% used [0x25740000, 0x25740170, 0x25960000)
  to   space 2176K,   0% used [0x25520000, 0x25520000, 0x25740000)
 tenured generation   total 44248K, used 22815K [0x29910000, 0x2c446000, 0x343c0000)
   the space 44248K,  51% used [0x29910000, 0x2af57f60, 0x2af58000, 0x2c446000)
 compacting perm gen  total 12288K, used 1402K [0x343c0000, 0x34fc0000, 0x383c0000)
   the space 12288K,  11% used [0x343c0000, 0x3451eb80, 0x3451ec00, 0x34fc0000)
    ro space 10240K,  45% used [0x383c0000, 0x38849b28, 0x38849c00, 0x38dc0000)
    rw space 12288K,  54% used [0x38dc0000, 0x3944d0e8, 0x3944d200, 0x399c0000)
}

