# JRE version: 7.0_25-b16
# Java VM: Java HotSpot(TM) Client VM (23.25-b01 mixed mode, sharing windows-x86 )
Heap
 def new generation   total 27584K, used 21722K [0x243c0000, 0x261a0000, 0x29910000)
  eden space 24576K,  88% used [0x243c0000, 0x258f6808, 0x25bc0000)
  from space 3008K,   0% used [0x25eb0000, 0x25eb02b0, 0x261a0000)
  to   space 3008K,   0% used [0x25bc0000, 0x25bc0000, 0x25eb0000)
 tenured generation   total 61040K, used 30033K [0x29910000, 0x2d4ac000, 0x343c0000)
   the space 61040K,  49% used [0x29910000, 0x2b6646e0, 0x2b664800, 0x2d4ac000)
 compacting perm gen  total 12288K, used 1403K [0x343c0000, 0x34fc0000, 0x383c0000)
   the space 12288K,  11% used [0x343c0000, 0x3451ec78, 0x3451ee00, 0x34fc0000)
    ro space 10240K,  45% used [0x383c0000, 0x38849b28, 0x38849c00, 0x38dc0000)
    rw space 12288K,  54% used [0x38dc0000, 0x3944d0e8, 0x3944d200, 0x399c0000)
GC Heap History (10 events):
Event: 30.034 GC heap before
{Heap before GC invocations=129 (full 33):
 def new generation   total 27584K, used 21773K [0x243c0000, 0x261a0000, 0x29910000)
  eden space 24576K,  88% used [0x243c0000, 0x25903458, 0x25bc0000)
  from space 3008K,   0% used [0x25bc0000, 0x25bc0000, 0x25eb0000)
  to   space 3008K,   0% used [0x25eb0000, 0x25eb0000, 0x261a0000)
 tenured generation   total 61040K, used 19204K [0x29910000, 0x2d4ac000, 0x343c0000)
   the space 61040K,  31% used [0x29910000, 0x2abd1160, 0x2abd1200, 0x2d4ac000)
 compacting perm gen  total 12288K, used 1402K [0x343c0000, 0x34fc0000, 0x383c0000)
   the space 12288K,  11% used [0x343c0000, 0x3451eae0, 0x3451ec00, 0x34fc0000)
    ro space 10240K,  45% used [0x383c0000, 0x38849b28, 0x38849c00, 0x38dc0000)
    rw space 12288K,  54% used [0x38dc0000, 0x3944d0e8, 0x3944d200, 0x399c0000)
Event: 30.037 GC heap after
Heap after GC invocations=130 (full 33):
 def new generation   total 27584K, used 0K [0x243c0000, 0x261a0000, 0x29910000)
  eden space 24576K,   0% used [0x243c0000, 0x243c0000, 0x25bc0000)
  from space 3008K,   0% used [0x25eb0000, 0x25eb01b0, 0x261a0000)
  to   space 3008K,   0% used [0x25bc0000, 0x25bc0000, 0x25eb0000)
 tenured generation   total 61040K, used 30004K [0x29910000, 0x2d4ac000, 0x343c0000)
   the space 61040K,  49% used [0x29910000, 0x2b65d190, 0x2b65d200, 0x2d4ac000)
 compacting perm gen  total 12288K, used 1402K [0x343c0000, 0x34fc0000, 0x383c0000)
   the space 12288K,  11% used [0x343c0000, 0x3451eae0, 0x3451ec00, 0x34fc0000)
    ro space 10240K,  45% used [0x383c0000, 0x38849b28, 0x38849c00, 0x38dc0000)
    rw space 12288K,  54% used [0x38dc0000, 0x3944d0e8, 0x3944d200, 0x399c0000)
}
Event: 30.327 GC heap before
{Heap before GC invocations=130 (full 33):
 def new generation   total 27584K, used 22097K [0x243c0000, 0x261a0000, 0x29910000)
  eden space 24576K,  89% used [0x243c0000, 0x25954280, 0x25bc0000)
  from space 3008K,   0% used [0x25eb0000, 0x25eb01b0, 0x261a0000)
  to   space 3008K,   0% used [0x25bc0000, 0x25bc0000, 0x25eb0000)
 tenured generation   total 61040K, used 30004K [0x29910000, 0x2d4ac000, 0x343c0000)
   the space 61040K,  49% used [0x29910000, 0x2b65d190, 0x2b65d200, 0x2d4ac000)
 compacting perm gen  total 12288K, used 1403K [0x343c0000, 0x34fc0000, 0x383c0000)
   the space 12288K,  11% used [0x343c0000, 0x3451ec48, 0x3451ee00, 0x34fc0000)
    ro space 10240K,  45% used [0x383c0000, 0x38849b28, 0x38849c00, 0x38dc0000)
    rw space 12288K,  54% used [0x38dc0000, 0x3944d0e8, 0x3944d200, 0x399c0000)
Event: 30.330 GC heap after
Heap after GC invocations=131 (full 33):
 def new generation   total 27584K, used 29K [0x243c0000, 0x261a0000, 0x29910000)
  eden space 24576K,   0% used [0x243c0000, 0x243c0000, 0x25bc0000)
  from space 3008K,   0% used [0x25bc0000, 0x25bc7750, 0x25eb0000)
  to   space 3008K,   0% used [0x25eb0000, 0x25eb0000, 0x261a0000)
 tenured generation   total 61040K, used 40804K [0x29910000, 0x2d4ac000, 0x343c0000)
   the space 61040K,  66% used [0x29910000, 0x2c0e91c0, 0x2c0e9200, 0x2d4ac000)
 compacting perm gen  total 12288K, used 1403K [0x343c0000, 0x34fc0000, 0x383c0000)
   the space 12288K,  11% used [0x343c0000, 0x3451ec48, 0x3451ee00, 0x34fc0000)
    ro space 10240K,  45% used [0x383c0000, 0x38849b28, 0x38849c00, 0x38dc0000)
    rw space 12288K,  54% used [0x38dc0000, 0x3944d0e8, 0x3944d200, 0x399c0000)
}
Event: 30.642 GC heap before
{Heap before GC invocations=131 (full 33):
 def new generation   total 27584K, used 21754K [0x243c0000, 0x261a0000, 0x29910000)
  eden space 24576K,  88% used [0x243c0000, 0x258f7358, 0x25bc0000)
  from space 3008K,   0% used [0x25bc0000, 0x25bc7750, 0x25eb0000)
  to   space 3008K,   0% used [0x25eb0000, 0x25eb0000, 0x261a0000)
 tenured generation   total 61040K, used 40804K [0x29910000, 0x2d4ac000, 0x343c0000)
   the space 61040K,  66% used [0x29910000, 0x2c0e91c0, 0x2c0e9200, 0x2d4ac000)
 compacting perm gen  total 12288K, used 1403K [0x343c0000, 0x34fc0000, 0x383c0000)
   the space 12288K,  11% used [0x343c0000, 0x3451ec68, 0x3451ee00, 0x34fc0000)
    ro space 10240K,  45% used [0x383c0000, 0x38849b28, 0x38849c00, 0x38dc0000)
    rw space 12288K,  54% used [0x38dc0000, 0x3944d0e8, 0x3944d200, 0x399c0000)
Event: 30.645 GC heap after
Heap after GC invocations=132 (full 33):
 def new generation   total 27584K, used 29K [0x243c0000, 0x261a0000, 0x29910000)
  eden space 24576K,   0% used [0x243c0000, 0x243c0000, 0x25bc0000)
  from space 3008K,   0% used [0x25eb0000, 0x25eb7700, 0x261a0000)
  to   space 3008K,   0% used [0x25bc0000, 0x25bc0000, 0x25eb0000)
 tenured generation   total 61040K, used 51604K [0x29910000, 0x2d4ac000, 0x343c0000)
   the space 61040K,  84% used [0x29910000, 0x2cb751f0, 0x2cb75200, 0x2d4ac000)
 compacting perm gen  total 12288K, used 1403K [0x343c0000, 0x34fc0000, 0x383c0000)
   the space 12288K,  11% used [0x343c0000, 0x3451ec68, 0x3451ee00, 0x34fc0000)
    ro space 10240K,  45% used [0x383c0000, 0x38849b28, 0x38849c00, 0x38dc0000)
    rw space 12288K,  54% used [0x38dc0000, 0x3944d0e8, 0x3944d200, 0x399c0000)
}
Event: 30.922 GC heap before
{Heap before GC invocations=132 (full 33):
 def new generation   total 27584K, used 21708K [0x243c0000, 0x261a0000, 0x29910000)
  eden space 24576K,  88% used [0x243c0000, 0x258ebac0, 0x25bc0000)
  from space 3008K,   0% used [0x25eb0000, 0x25eb7700, 0x261a0000)
  to   space 3008K,   0% used [0x25bc0000, 0x25bc0000, 0x25eb0000)
 tenured generation   total 61040K, used 51604K [0x29910000, 0x2d4ac000, 0x343c0000)
   the space 61040K,  84% used [0x29910000, 0x2cb751f0, 0x2cb75200, 0x2d4ac000)
 compacting perm gen  total 12288K, used 1403K [0x343c0000, 0x34fc0000, 0x383c0000)
   the space 12288K,  11% used [0x343c0000, 0x3451ec78, 0x3451ee00, 0x34fc0000)
    ro space 10240K,  45% used [0x383c0000, 0x38849b28, 0x38849c00, 0x38dc0000)
    rw space 12288K,  54% used [0x38dc0000, 0x3944d0e8, 0x3944d200, 0x399c0000)
Event: 30.940 GC heap after
Heap after GC invocations=133 (full 34):
 def new generation   total 27584K, used 0K [0x243c0000, 0x261a0000, 0x29910000)
  eden space 24576K,   0% used [0x243c0000, 0x243c0000, 0x25bc0000)
  from space 3008K,   0% used [0x25bc0000, 0x25bc0000, 0x25eb0000)
  to   space 3008K,   0% used [0x25eb0000, 0x25eb0000, 0x261a0000)
 tenured generation   total 61040K, used 19233K [0x29910000, 0x2d4ac000, 0x343c0000)
   the space 61040K,  31% used [0x29910000, 0x2abd86b0, 0x2abd8800, 0x2d4ac000)
 compacting perm gen  total 12288K, used 1403K [0x343c0000, 0x34fc0000, 0x383c0000)
   the space 12288K,  11% used [0x343c0000, 0x3451ec78, 0x3451ee00, 0x34fc0000)
    ro space 10240K,  45% used [0x383c0000, 0x38849b28, 0x38849c00, 0x38dc0000)
    rw space 12288K,  54% used [0x38dc0000, 0x3944d0e8, 0x3944d200, 0x399c0000)
}
Event: 31.228 GC heap before
{Heap before GC invocations=133 (full 34):
 def new generation   total 27584K, used 21695K [0x243c0000, 0x261a0000, 0x29910000)
  eden space 24576K,  88% used [0x243c0000, 0x258efdf0, 0x25bc0000)
  from space 3008K,   0% used [0x25bc0000, 0x25bc0000, 0x25eb0000)
  to   space 3008K,   0% used [0x25eb0000, 0x25eb0000, 0x261a0000)
 tenured generation   total 61040K, used 19233K [0x29910000, 0x2d4ac000, 0x343c0000)
   the space 61040K,  31% used [0x29910000, 0x2abd86b0, 0x2abd8800, 0x2d4ac000)
 compacting perm gen  total 12288K, used 1403K [0x343c0000, 0x34fc0000, 0x383c0000)
   the space 12288K,  11% used [0x343c0000, 0x3451ec78, 0x3451ee00, 0x34fc0000)
    ro space 10240K,  45% used [0x383c0000, 0x38849b28, 0x38849c00, 0x38dc0000)
    rw space 12288K,  54% used [0x38dc0000, 0x3944d0e8, 0x3944d200, 0x399c0000)
Event: 31.231 GC heap after
Heap after GC invocations=134 (full 34):
 def new generation   total 27584K, used 0K [0x243c0000, 0x261a0000, 0x29910000)
  eden space 24576K,   0% used [0x243c0000, 0x243c0000, 0x25bc0000)
  from space 3008K,   0% used [0x25eb0000, 0x25eb02b0, 0x261a0000)
  to   space 3008K,   0% used [0x25bc0000, 0x25bc0000, 0x25eb0000)
 tenured generation   total 61040K, used 30033K [0x29910000, 0x2d4ac000, 0x343c0000)
   the space 61040K,  49% used [0x29910000, 0x2b6646e0, 0x2b664800, 0x2d4ac000)
 compacting perm gen  total 12288K, used 1403K [0x343c0000, 0x34fc0000, 0x383c0000)
   the space 12288K,  11% used [0x343c0000, 0x3451ec78, 0x3451ee00, 0x34fc0000)
    ro space 10240K,  45% used [0x383c0000, 0x38849b28, 0x38849c00, 0x38dc0000)
    rw space 12288K,  54% used [0x38dc0000, 0x3944d0e8, 0x3944d200, 0x399c0000)
}

