# JRE version: 7.0_25-b16
# Java VM: Java HotSpot(TM) Client VM (23.25-b01 mixed mode, sharing windows-x86 )
Heap
 def new generation   total 16192K, used 10812K [0x243c0000, 0x25550000, 0x29910000)
  eden space 14400K,  75% used [0x243c0000, 0x24e4f180, 0x251d0000)
  from space 1792K,   0% used [0x251d0000, 0x251d0000, 0x25390000)
  to   space 1792K,   0% used [0x25390000, 0x25390000, 0x25550000)
 tenured generation   total 35832K, used 19158K [0x29910000, 0x2bc0e000, 0x343c0000)
   the space 35832K,  53% used [0x29910000, 0x2abc5a58, 0x2abc5c00, 0x2bc0e000)
 compacting perm gen  total 12288K, used 1404K [0x343c0000, 0x34fc0000, 0x383c0000)
   the space 12288K,  11% used [0x343c0000, 0x3451f028, 0x3451f200, 0x34fc0000)
    ro space 10240K,  45% used [0x383c0000, 0x38849b28, 0x38849c00, 0x38dc0000)
    rw space 12288K,  54% used [0x38dc0000, 0x3944d0e8, 0x3944d200, 0x399c0000)
GC Heap History (10 events):
Event: 52.974 GC heap before
{Heap before GC invocations=357 (full 177):
 def new generation   total 16192K, used 10804K [0x243c0000, 0x25550000, 0x29910000)
  eden space 14400K,  75% used [0x243c0000, 0x24e4d080, 0x251d0000)
  from space 1792K,   0% used [0x25390000, 0x25390190, 0x25550000)
  to   space 1792K,   0% used [0x251d0000, 0x251d0000, 0x25390000)
 tenured generation   total 35832K, used 29958K [0x29910000, 0x2bc0e000, 0x343c0000)
   the space 35832K,  83% used [0x29910000, 0x2b6518f8, 0x2b651a00, 0x2bc0e000)
 compacting perm gen  total 12288K, used 1404K [0x343c0000, 0x34fc0000, 0x383c0000)
   the space 12288K,  11% used [0x343c0000, 0x3451f028, 0x3451f200, 0x34fc0000)
    ro space 10240K,  45% used [0x383c0000, 0x38849b28, 0x38849c00, 0x38dc0000)
    rw space 12288K,  54% used [0x38dc0000, 0x3944d0e8, 0x3944d200, 0x399c0000)
Event: 52.993 GC heap after
Heap after GC invocations=358 (full 178):
 def new generation   total 16192K, used 0K [0x243c0000, 0x25550000, 0x29910000)
  eden space 14400K,   0% used [0x243c0000, 0x243c0000, 0x251d0000)
  from space 1792K,   0% used [0x251d0000, 0x251d0000, 0x25390000)
  to   space 1792K,   0% used [0x25390000, 0x25390000, 0x25550000)
 tenured generation   total 35832K, used 19158K [0x29910000, 0x2bc0e000, 0x343c0000)
   the space 35832K,  53% used [0x29910000, 0x2abc58c8, 0x2abc5a00, 0x2bc0e000)
 compacting perm gen  total 12288K, used 1404K [0x343c0000, 0x34fc0000, 0x383c0000)
   the space 12288K,  11% used [0x343c0000, 0x3451f028, 0x3451f200, 0x34fc0000)
    ro space 10240K,  45% used [0x383c0000, 0x38849b28, 0x38849c00, 0x38dc0000)
    rw space 12288K,  54% used [0x38dc0000, 0x3944d0e8, 0x3944d200, 0x399c0000)
}
Event: 53.125 GC heap before
{Heap before GC invocations=358 (full 178):
 def new generation   total 16192K, used 10804K [0x243c0000, 0x25550000, 0x29910000)
  eden space 14400K,  75% used [0x243c0000, 0x24e4d080, 0x251d0000)
  from space 1792K,   0% used [0x251d0000, 0x251d0000, 0x25390000)
  to   space 1792K,   0% used [0x25390000, 0x25390000, 0x25550000)
 tenured generation   total 35832K, used 19158K [0x29910000, 0x2bc0e000, 0x343c0000)
   the space 35832K,  53% used [0x29910000, 0x2abc58c8, 0x2abc5a00, 0x2bc0e000)
 compacting perm gen  total 12288K, used 1404K [0x343c0000, 0x34fc0000, 0x383c0000)
   the space 12288K,  11% used [0x343c0000, 0x3451f028, 0x3451f200, 0x34fc0000)
    ro space 10240K,  45% used [0x383c0000, 0x38849b28, 0x38849c00, 0x38dc0000)
    rw space 12288K,  54% used [0x38dc0000, 0x3944d0e8, 0x3944d200, 0x399c0000)
Event: 53.128 GC heap after
Heap after GC invocations=359 (full 178):
 def new generation   total 16192K, used 0K [0x243c0000, 0x25550000, 0x29910000)
  eden space 14400K,   0% used [0x243c0000, 0x243c0000, 0x251d0000)
  from space 1792K,   0% used [0x25390000, 0x25390190, 0x25550000)
  to   space 1792K,   0% used [0x251d0000, 0x251d0000, 0x25390000)
 tenured generation   total 35832K, used 29958K [0x29910000, 0x2bc0e000, 0x343c0000)
   the space 35832K,  83% used [0x29910000, 0x2b6518f8, 0x2b651a00, 0x2bc0e000)
 compacting perm gen  total 12288K, used 1404K [0x343c0000, 0x34fc0000, 0x383c0000)
   the space 12288K,  11% used [0x343c0000, 0x3451f028, 0x3451f200, 0x34fc0000)
    ro space 10240K,  45% used [0x383c0000, 0x38849b28, 0x38849c00, 0x38dc0000)
    rw space 12288K,  54% used [0x38dc0000, 0x3944d0e8, 0x3944d200, 0x399c0000)
}
Event: 53.312 GC heap before
{Heap before GC invocations=359 (full 178):
 def new generation   total 16192K, used 10804K [0x243c0000, 0x25550000, 0x29910000)
  eden space 14400K,  75% used [0x243c0000, 0x24e4d080, 0x251d0000)
  from space 1792K,   0% used [0x25390000, 0x25390190, 0x25550000)
  to   space 1792K,   0% used [0x251d0000, 0x251d0000, 0x25390000)
 tenured generation   total 35832K, used 29958K [0x29910000, 0x2bc0e000, 0x343c0000)
   the space 35832K,  83% used [0x29910000, 0x2b6518f8, 0x2b651a00, 0x2bc0e000)
 compacting perm gen  total 12288K, used 1404K [0x343c0000, 0x34fc0000, 0x383c0000)
   the space 12288K,  11% used [0x343c0000, 0x3451f028, 0x3451f200, 0x34fc0000)
    ro space 10240K,  45% used [0x383c0000, 0x38849b28, 0x38849c00, 0x38dc0000)
    rw space 12288K,  54% used [0x38dc0000, 0x3944d0e8, 0x3944d200, 0x399c0000)
Event: 53.331 GC heap after
Heap after GC invocations=360 (full 179):
 def new generation   total 16192K, used 0K [0x243c0000, 0x25550000, 0x29910000)
  eden space 14400K,   0% used [0x243c0000, 0x243c0000, 0x251d0000)
  from space 1792K,   0% used [0x251d0000, 0x251d0000, 0x25390000)
  to   space 1792K,   0% used [0x25390000, 0x25390000, 0x25550000)
 tenured generation   total 35832K, used 19158K [0x29910000, 0x2bc0e000, 0x343c0000)
   the space 35832K,  53% used [0x29910000, 0x2abc58c8, 0x2abc5a00, 0x2bc0e000)
 compacting perm gen  total 12288K, used 1404K [0x343c0000, 0x34fc0000, 0x383c0000)
   the space 12288K,  11% used [0x343c0000, 0x3451f028, 0x3451f200, 0x34fc0000)
    ro space 10240K,  45% used [0x383c0000, 0x38849b28, 0x38849c00, 0x38dc0000)
    rw space 12288K,  54% used [0x38dc0000, 0x3944d0e8, 0x3944d200, 0x399c0000)
}
Event: 53.491 GC heap before
{Heap before GC invocations=360 (full 179):
 def new generation   total 16192K, used 10808K [0x243c0000, 0x25550000, 0x29910000)
  eden space 14400K,  75% used [0x243c0000, 0x24e4e210, 0x251d0000)
  from space 1792K,   0% used [0x251d0000, 0x251d0000, 0x25390000)
  to   space 1792K,   0% used [0x25390000, 0x25390000, 0x25550000)
 tenured generation   total 35832K, used 19158K [0x29910000, 0x2bc0e000, 0x343c0000)
   the space 35832K,  53% used [0x29910000, 0x2abc58c8, 0x2abc5a00, 0x2bc0e000)
 compacting perm gen  total 12288K, used 1404K [0x343c0000, 0x34fc0000, 0x383c0000)
   the space 12288K,  11% used [0x343c0000, 0x3451f028, 0x3451f200, 0x34fc0000)
    ro space 10240K,  45% used [0x383c0000, 0x38849b28, 0x38849c00, 0x38dc0000)
    rw space 12288K,  54% used [0x38dc0000, 0x3944d0e8, 0x3944d200, 0x399c0000)
Event: 53.494 GC heap after
Heap after GC invocations=361 (full 179):
 def new generation   total 16192K, used 0K [0x243c0000, 0x25550000, 0x29910000)
  eden space 14400K,   0% used [0x243c0000, 0x243c0000, 0x251d0000)
  from space 1792K,   0% used [0x25390000, 0x25390328, 0x25550000)
  to   space 1792K,   0% used [0x251d0000, 0x251d0000, 0x25390000)
 tenured generation   total 35832K, used 29958K [0x29910000, 0x2bc0e000, 0x343c0000)
   the space 35832K,  83% used [0x29910000, 0x2b6518f8, 0x2b651a00, 0x2bc0e000)
 compacting perm gen  total 12288K, used 1404K [0x343c0000, 0x34fc0000, 0x383c0000)
   the space 12288K,  11% used [0x343c0000, 0x3451f028, 0x3451f200, 0x34fc0000)
    ro space 10240K,  45% used [0x383c0000, 0x38849b28, 0x38849c00, 0x38dc0000)
    rw space 12288K,  54% used [0x38dc0000, 0x3944d0e8, 0x3944d200, 0x399c0000)
}
Event: 53.653 GC heap before
{Heap before GC invocations=361 (full 179):
 def new generation   total 16192K, used 10802K [0x243c0000, 0x25550000, 0x29910000)
  eden space 14400K,  75% used [0x243c0000, 0x24e4c830, 0x251d0000)
  from space 1792K,   0% used [0x25390000, 0x25390328, 0x25550000)
  to   space 1792K,   0% used [0x251d0000, 0x251d0000, 0x25390000)
 tenured generation   total 35832K, used 29958K [0x29910000, 0x2bc0e000, 0x343c0000)
   the space 35832K,  83% used [0x29910000, 0x2b6518f8, 0x2b651a00, 0x2bc0e000)
 compacting perm gen  total 12288K, used 1404K [0x343c0000, 0x34fc0000, 0x383c0000)
   the space 12288K,  11% used [0x343c0000, 0x3451f028, 0x3451f200, 0x34fc0000)
    ro space 10240K,  45% used [0x383c0000, 0x38849b28, 0x38849c00, 0x38dc0000)
    rw space 12288K,  54% used [0x38dc0000, 0x3944d0e8, 0x3944d200, 0x399c0000)
Event: 53.675 GC heap after
Heap after GC invocations=362 (full 180):
 def new generation   total 16192K, used 0K [0x243c0000, 0x25550000, 0x29910000)
  eden space 14400K,   0% used [0x243c0000, 0x243c0000, 0x251d0000)
  from space 1792K,   0% used [0x251d0000, 0x251d0000, 0x25390000)
  to   space 1792K,   0% used [0x25390000, 0x25390000, 0x25550000)
 tenured generation   total 35832K, used 19158K [0x29910000, 0x2bc0e000, 0x343c0000)
   the space 35832K,  53% used [0x29910000, 0x2abc5a58, 0x2abc5c00, 0x2bc0e000)
 compacting perm gen  total 12288K, used 1404K [0x343c0000, 0x34fc0000, 0x383c0000)
   the space 12288K,  11% used [0x343c0000, 0x3451f028, 0x3451f200, 0x34fc0000)
    ro space 10240K,  45% used [0x383c0000, 0x38849b28, 0x38849c00, 0x38dc0000)
    rw space 12288K,  54% used [0x38dc0000, 0x3944d0e8, 0x3944d200, 0x399c0000)
}

