# JRE version: Java(TM) SE Runtime Environment (8.0-b132) (build 1.8.0-b132)
# Java VM: Java HotSpot(TM) Client VM (25.0-b70 mixed mode, sharing windows-x86 )
Heap:
 def new generation   total 21312K, used 14421K [0x04c00000, 0x06320000, 0x0a150000)
  eden space 18944K,  76% used [0x04c00000, 0x05a15398, 0x05e80000)
  from space 2368K,   0% used [0x060d0000, 0x060d02f0, 0x06320000)
  to   space 2368K,   0% used [0x05e80000, 0x05e80000, 0x060d0000)
 tenured generation   total 47300K, used 30553K [0x0a150000, 0x0cf81000, 0x14c00000)
   the space 47300K,  64% used [0x0a150000, 0x0bf26490, 0x0bf26600, 0x0cf81000)
 Metaspace       used 1042K, capacity 2276K, committed 2368K, reserved 4480K
GC Heap History (10 events):
Event: 12.961 GC heap before
{Heap before GC invocations=37 (full 15):
 def new generation   total 21312K, used 18047K [0x04c00000, 0x06320000, 0x0a150000)
  eden space 18944K,  95% used [0x04c00000, 0x05d9bfb8, 0x05e80000)
  from space 2368K,   0% used [0x05e80000, 0x05e83cb0, 0x060d0000)
  to   space 2368K,   0% used [0x060d0000, 0x060d0000, 0x06320000)
 tenured generation   total 47300K, used 41372K [0x0a150000, 0x0cf81000, 0x14c00000)
   the space 47300K,  87% used [0x0a150000, 0x0c9b7150, 0x0c9b7200, 0x0cf81000)
 Metaspace       used 1037K, capacity 2276K, committed 2368K, reserved 4480K
Event: 12.985 GC heap after
Heap after GC invocations=38 (full 16):
 def new generation   total 21312K, used 0K [0x04c00000, 0x06320000, 0x0a150000)
  eden space 18944K,   0% used [0x04c00000, 0x04c00000, 0x05e80000)
  from space 2368K,   0% used [0x060d0000, 0x060d0000, 0x06320000)
  to   space 2368K,   0% used [0x05e80000, 0x05e80000, 0x060d0000)
 tenured generation   total 47300K, used 19753K [0x0a150000, 0x0cf81000, 0x14c00000)
   the space 47300K,  41% used [0x0a150000, 0x0b49a518, 0x0b49a600, 0x0cf81000)
 Metaspace       used 1037K, capacity 2276K, committed 2368K, reserved 4480K
}
Event: 13.467 GC heap before
{Heap before GC invocations=38 (full 16):
 def new generation   total 21312K, used 18041K [0x04c00000, 0x06320000, 0x0a150000)
  eden space 18944K,  95% used [0x04c00000, 0x05d9e740, 0x05e80000)
  from space 2368K,   0% used [0x060d0000, 0x060d0000, 0x06320000)
  to   space 2368K,   0% used [0x05e80000, 0x05e80000, 0x060d0000)
 tenured generation   total 47300K, used 19753K [0x0a150000, 0x0cf81000, 0x14c00000)
   the space 47300K,  41% used [0x0a150000, 0x0b49a518, 0x0b49a600, 0x0cf81000)
 Metaspace       used 1038K, capacity 2276K, committed 2368K, reserved 4480K
Event: 13.471 GC heap after
Heap after GC invocations=39 (full 16):
 def new generation   total 21312K, used 0K [0x04c00000, 0x06320000, 0x0a150000)
  eden space 18944K,   0% used [0x04c00000, 0x04c00000, 0x05e80000)
  from space 2368K,   0% used [0x05e80000, 0x05e80348, 0x060d0000)
  to   space 2368K,   0% used [0x060d0000, 0x060d0000, 0x06320000)
 tenured generation   total 47300K, used 30553K [0x0a150000, 0x0cf81000, 0x14c00000)
   the space 47300K,  64% used [0x0a150000, 0x0bf26548, 0x0bf26600, 0x0cf81000)
 Metaspace       used 1038K, capacity 2276K, committed 2368K, reserved 4480K
}
Event: 13.801 GC heap before
{Heap before GC invocations=39 (full 16):
 def new generation   total 21312K, used 18007K [0x04c00000, 0x06320000, 0x0a150000)
  eden space 18944K,  95% used [0x04c00000, 0x05d958d0, 0x05e80000)
  from space 2368K,   0% used [0x05e80000, 0x05e80348, 0x060d0000)
  to   space 2368K,   0% used [0x060d0000, 0x060d0000, 0x06320000)
 tenured generation   total 47300K, used 30553K [0x0a150000, 0x0cf81000, 0x14c00000)
   the space 47300K,  64% used [0x0a150000, 0x0bf26548, 0x0bf26600, 0x0cf81000)
 Metaspace       used 1038K, capacity 2276K, committed 2368K, reserved 4480K
Event: 13.805 GC heap after
Heap after GC invocations=40 (full 16):
 def new generation   total 21312K, used 0K [0x04c00000, 0x06320000, 0x0a150000)
  eden space 18944K,   0% used [0x04c00000, 0x04c00000, 0x05e80000)
  from space 2368K,   0% used [0x060d0000, 0x060d0348, 0x06320000)
  to   space 2368K,   0% used [0x05e80000, 0x05e80000, 0x060d0000)
 tenured generation   total 47300K, used 41353K [0x0a150000, 0x0cf81000, 0x14c00000)
   the space 47300K,  87% used [0x0a150000, 0x0c9b2578, 0x0c9b2600, 0x0cf81000)
 Metaspace       used 1038K, capacity 2276K, committed 2368K, reserved 4480K
}
Event: 14.313 GC heap before
{Heap before GC invocations=40 (full 16):
 def new generation   total 21312K, used 18004K [0x04c00000, 0x06320000, 0x0a150000)
  eden space 18944K,  95% used [0x04c00000, 0x05d950a8, 0x05e80000)
  from space 2368K,   0% used [0x060d0000, 0x060d0348, 0x06320000)
  to   space 2368K,   0% used [0x05e80000, 0x05e80000, 0x060d0000)
 tenured generation   total 47300K, used 41353K [0x0a150000, 0x0cf81000, 0x14c00000)
   the space 47300K,  87% used [0x0a150000, 0x0c9b2578, 0x0c9b2600, 0x0cf81000)
 Metaspace       used 1038K, capacity 2276K, committed 2368K, reserved 4480K
Event: 14.333 GC heap after
Heap after GC invocations=41 (full 17):
 def new generation   total 21312K, used 0K [0x04c00000, 0x06320000, 0x0a150000)
  eden space 18944K,   0% used [0x04c00000, 0x04c00000, 0x05e80000)
  from space 2368K,   0% used [0x05e80000, 0x05e80000, 0x060d0000)
  to   space 2368K,   0% used [0x060d0000, 0x060d0000, 0x06320000)
 tenured generation   total 47300K, used 19753K [0x0a150000, 0x0cf81000, 0x14c00000)
   the space 47300K,  41% used [0x0a150000, 0x0b49a460, 0x0b49a600, 0x0cf81000)
 Metaspace       used 1038K, capacity 2276K, committed 2368K, reserved 4480K
}
Event: 14.791 GC heap before
{Heap before GC invocations=41 (full 17):
 def new generation   total 21312K, used 18009K [0x04c00000, 0x06320000, 0x0a150000)
  eden space 18944K,  95% used [0x04c00000, 0x05d96490, 0x05e80000)
  from space 2368K,   0% used [0x05e80000, 0x05e80000, 0x060d0000)
  to   space 2368K,   0% used [0x060d0000, 0x060d0000, 0x06320000)
 tenured generation   total 47300K, used 19753K [0x0a150000, 0x0cf81000, 0x14c00000)
   the space 47300K,  41% used [0x0a150000, 0x0b49a460, 0x0b49a600, 0x0cf81000)
 Metaspace       used 1038K, capacity 2276K, committed 2368K, reserved 4480K
Event: 14.795 GC heap after
Heap after GC invocations=42 (full 17):
 def new generation   total 21312K, used 0K [0x04c00000, 0x06320000, 0x0a150000)
  eden space 18944K,   0% used [0x04c00000, 0x04c00000, 0x05e80000)
  from space 2368K,   0% used [0x060d0000, 0x060d02f0, 0x06320000)
  to   space 2368K,   0% used [0x05e80000, 0x05e80000, 0x060d0000)
 tenured generation   total 47300K, used 30553K [0x0a150000, 0x0cf81000, 0x14c00000)
   the space 47300K,  64% used [0x0a150000, 0x0bf26490, 0x0bf26600, 0x0cf81000)
 Metaspace       used 1038K, capacity 2276K, committed 2368K, reserved 4480K
}

