# JRE version: 7.0_25-b16
# Java VM: Java HotSpot(TM) Client VM (23.25-b01 mixed mode, sharing windows-x86 )
Heap
 def new generation   total 14592K, used 10830K [0x243c0000, 0x25390000, 0x29910000)
  eden space 12992K,  83% used [0x243c0000, 0x24e52bf8, 0x25070000)
  from space 1600K,   0% used [0x25200000, 0x25200fd0, 0x25390000)
  to   space 1600K,   0% used [0x25070000, 0x25070000, 0x25200000)
 tenured generation   total 32228K, used 30013K [0x29910000, 0x2b889000, 0x343c0000)
   the space 32228K,  93% used [0x29910000, 0x2b65f430, 0x2b65f600, 0x2b889000)
 compacting perm gen  total 12288K, used 1402K [0x343c0000, 0x34fc0000, 0x383c0000)
   the space 12288K,  11% used [0x343c0000, 0x3451eaf0, 0x3451ec00, 0x34fc0000)
    ro space 10240K,  45% used [0x383c0000, 0x38849b28, 0x38849c00, 0x38dc0000)
    rw space 12288K,  54% used [0x38dc0000, 0x3944d0e8, 0x3944d200, 0x399c0000)
GC Heap History (10 events):
Event: 9.093 GC heap before
{Heap before GC invocations=61 (full 29):
 def new generation   total 14592K, used 10804K [0x243c0000, 0x25390000, 0x29910000)
  eden space 12992K,  83% used [0x243c0000, 0x24e4d080, 0x25070000)
  from space 1600K,   0% used [0x25070000, 0x25070000, 0x25200000)
  to   space 1600K,   0% used [0x25200000, 0x25200000, 0x25390000)
 tenured generation   total 32228K, used 19212K [0x29910000, 0x2b889000, 0x343c0000)
   the space 32228K,  59% used [0x29910000, 0x2abd3300, 0x2abd3400, 0x2b889000)
 compacting perm gen  total 12288K, used 1402K [0x343c0000, 0x34fc0000, 0x383c0000)
   the space 12288K,  11% used [0x343c0000, 0x3451eaf0, 0x3451ec00, 0x34fc0000)
    ro space 10240K,  45% used [0x383c0000, 0x38849b28, 0x38849c00, 0x38dc0000)
    rw space 12288K,  54% used [0x38dc0000, 0x3944d0e8, 0x3944d200, 0x399c0000)
Event: 9.097 GC heap after
Heap after GC invocations=62 (full 29):
 def new generation   total 14592K, used 0K [0x243c0000, 0x25390000, 0x29910000)
  eden space 12992K,   0% used [0x243c0000, 0x243c0000, 0x25070000)
  from space 1600K,   0% used [0x25200000, 0x25200190, 0x25390000)
  to   space 1600K,   0% used [0x25070000, 0x25070000, 0x25200000)
 tenured generation   total 32228K, used 30012K [0x29910000, 0x2b889000, 0x343c0000)
   the space 32228K,  93% used [0x29910000, 0x2b65f330, 0x2b65f400, 0x2b889000)
 compacting perm gen  total 12288K, used 1402K [0x343c0000, 0x34fc0000, 0x383c0000)
   the space 12288K,  11% used [0x343c0000, 0x3451eaf0, 0x3451ec00, 0x34fc0000)
    ro space 10240K,  45% used [0x383c0000, 0x38849b28, 0x38849c00, 0x38dc0000)
    rw space 12288K,  54% used [0x38dc0000, 0x3944d0e8, 0x3944d200, 0x399c0000)
}
Event: 9.241 GC heap before
{Heap before GC invocations=62 (full 29):
 def new generation   total 14592K, used 10804K [0x243c0000, 0x25390000, 0x29910000)
  eden space 12992K,  83% used [0x243c0000, 0x24e4d080, 0x25070000)
  from space 1600K,   0% used [0x25200000, 0x25200190, 0x25390000)
  to   space 1600K,   0% used [0x25070000, 0x25070000, 0x25200000)
 tenured generation   total 32228K, used 30012K [0x29910000, 0x2b889000, 0x343c0000)
   the space 32228K,  93% used [0x29910000, 0x2b65f330, 0x2b65f400, 0x2b889000)
 compacting perm gen  total 12288K, used 1402K [0x343c0000, 0x34fc0000, 0x383c0000)
   the space 12288K,  11% used [0x343c0000, 0x3451eaf0, 0x3451ec00, 0x34fc0000)
    ro space 10240K,  45% used [0x383c0000, 0x38849b28, 0x38849c00, 0x38dc0000)
    rw space 12288K,  54% used [0x38dc0000, 0x3944d0e8, 0x3944d200, 0x399c0000)
Event: 9.266 GC heap after
Heap after GC invocations=63 (full 30):
 def new generation   total 14592K, used 0K [0x243c0000, 0x25390000, 0x29910000)
  eden space 12992K,   0% used [0x243c0000, 0x243c0000, 0x25070000)
  from space 1600K,   0% used [0x25070000, 0x25070000, 0x25200000)
  to   space 1600K,   0% used [0x25200000, 0x25200000, 0x25390000)
 tenured generation   total 32228K, used 19212K [0x29910000, 0x2b889000, 0x343c0000)
   the space 32228K,  59% used [0x29910000, 0x2abd3300, 0x2abd3400, 0x2b889000)
 compacting perm gen  total 12288K, used 1402K [0x343c0000, 0x34fc0000, 0x383c0000)
   the space 12288K,  11% used [0x343c0000, 0x3451eaf0, 0x3451ec00, 0x34fc0000)
    ro space 10240K,  45% used [0x383c0000, 0x38849b28, 0x38849c00, 0x38dc0000)
    rw space 12288K,  54% used [0x38dc0000, 0x3944d0e8, 0x3944d200, 0x399c0000)
}
Event: 9.396 GC heap before
{Heap before GC invocations=63 (full 30):
 def new generation   total 14592K, used 10844K [0x243c0000, 0x25390000, 0x29910000)
  eden space 12992K,  83% used [0x243c0000, 0x24e57250, 0x25070000)
  from space 1600K,   0% used [0x25070000, 0x25070000, 0x25200000)
  to   space 1600K,   0% used [0x25200000, 0x25200000, 0x25390000)
 tenured generation   total 32228K, used 19212K [0x29910000, 0x2b889000, 0x343c0000)
   the space 32228K,  59% used [0x29910000, 0x2abd3300, 0x2abd3400, 0x2b889000)
 compacting perm gen  total 12288K, used 1402K [0x343c0000, 0x34fc0000, 0x383c0000)
   the space 12288K,  11% used [0x343c0000, 0x3451eaf0, 0x3451ec00, 0x34fc0000)
    ro space 10240K,  45% used [0x383c0000, 0x38849b28, 0x38849c00, 0x38dc0000)
    rw space 12288K,  54% used [0x38dc0000, 0x3944d0e8, 0x3944d200, 0x399c0000)
Event: 9.400 GC heap after
Heap after GC invocations=64 (full 30):
 def new generation   total 14592K, used 0K [0x243c0000, 0x25390000, 0x29910000)
  eden space 12992K,   0% used [0x243c0000, 0x243c0000, 0x25070000)
  from space 1600K,   0% used [0x25200000, 0x25200250, 0x25390000)
  to   space 1600K,   0% used [0x25070000, 0x25070000, 0x25200000)
 tenured generation   total 32228K, used 30012K [0x29910000, 0x2b889000, 0x343c0000)
   the space 32228K,  93% used [0x29910000, 0x2b65f330, 0x2b65f400, 0x2b889000)
 compacting perm gen  total 12288K, used 1402K [0x343c0000, 0x34fc0000, 0x383c0000)
   the space 12288K,  11% used [0x343c0000, 0x3451eaf0, 0x3451ec00, 0x34fc0000)
    ro space 10240K,  45% used [0x383c0000, 0x38849b28, 0x38849c00, 0x38dc0000)
    rw space 12288K,  54% used [0x38dc0000, 0x3944d0e8, 0x3944d200, 0x399c0000)
}
Event: 9.529 GC heap before
{Heap before GC invocations=64 (full 30):
 def new generation   total 14592K, used 10802K [0x243c0000, 0x25390000, 0x29910000)
  eden space 12992K,  83% used [0x243c0000, 0x24e4c830, 0x25070000)
  from space 1600K,   0% used [0x25200000, 0x25200250, 0x25390000)
  to   space 1600K,   0% used [0x25070000, 0x25070000, 0x25200000)
 tenured generation   total 32228K, used 30012K [0x29910000, 0x2b889000, 0x343c0000)
   the space 32228K,  93% used [0x29910000, 0x2b65f330, 0x2b65f400, 0x2b889000)
 compacting perm gen  total 12288K, used 1402K [0x343c0000, 0x34fc0000, 0x383c0000)
   the space 12288K,  11% used [0x343c0000, 0x3451eaf0, 0x3451ec00, 0x34fc0000)
    ro space 10240K,  45% used [0x383c0000, 0x38849b28, 0x38849c00, 0x38dc0000)
    rw space 12288K,  54% used [0x38dc0000, 0x3944d0e8, 0x3944d200, 0x399c0000)
Event: 9.553 GC heap after
Heap after GC invocations=65 (full 31):
 def new generation   total 14592K, used 0K [0x243c0000, 0x25390000, 0x29910000)
  eden space 12992K,   0% used [0x243c0000, 0x243c0000, 0x25070000)
  from space 1600K,   0% used [0x25070000, 0x25070000, 0x25200000)
  to   space 1600K,   0% used [0x25200000, 0x25200000, 0x25390000)
 tenured generation   total 32228K, used 19213K [0x29910000, 0x2b889000, 0x343c0000)
   the space 32228K,  59% used [0x29910000, 0x2abd3400, 0x2abd3400, 0x2b889000)
 compacting perm gen  total 12288K, used 1402K [0x343c0000, 0x34fc0000, 0x383c0000)
   the space 12288K,  11% used [0x343c0000, 0x3451eaf0, 0x3451ec00, 0x34fc0000)
    ro space 10240K,  45% used [0x383c0000, 0x38849b28, 0x38849c00, 0x38dc0000)
    rw space 12288K,  54% used [0x38dc0000, 0x3944d0e8, 0x3944d200, 0x399c0000)
}
Event: 9.692 GC heap before
{Heap before GC invocations=65 (full 31):
 def new generation   total 14592K, used 10827K [0x243c0000, 0x25390000, 0x29910000)
  eden space 12992K,  83% used [0x243c0000, 0x24e52da8, 0x25070000)
  from space 1600K,   0% used [0x25070000, 0x25070000, 0x25200000)
  to   space 1600K,   0% used [0x25200000, 0x25200000, 0x25390000)
 tenured generation   total 32228K, used 19213K [0x29910000, 0x2b889000, 0x343c0000)
   the space 32228K,  59% used [0x29910000, 0x2abd3400, 0x2abd3400, 0x2b889000)
 compacting perm gen  total 12288K, used 1402K [0x343c0000, 0x34fc0000, 0x383c0000)
   the space 12288K,  11% used [0x343c0000, 0x3451eaf0, 0x3451ec00, 0x34fc0000)
    ro space 10240K,  45% used [0x383c0000, 0x38849b28, 0x38849c00, 0x38dc0000)
    rw space 12288K,  54% used [0x38dc0000, 0x3944d0e8, 0x3944d200, 0x399c0000)
Event: 9.695 GC heap after
Heap after GC invocations=66 (full 31):
 def new generation   total 14592K, used 3K [0x243c0000, 0x25390000, 0x29910000)
  eden space 12992K,   0% used [0x243c0000, 0x243c0000, 0x25070000)
  from space 1600K,   0% used [0x25200000, 0x25200fd0, 0x25390000)
  to   space 1600K,   0% used [0x25070000, 0x25070000, 0x25200000)
 tenured generation   total 32228K, used 30013K [0x29910000, 0x2b889000, 0x343c0000)
   the space 32228K,  93% used [0x29910000, 0x2b65f430, 0x2b65f600, 0x2b889000)
 compacting perm gen  total 12288K, used 1402K [0x343c0000, 0x34fc0000, 0x383c0000)
   the space 12288K,  11% used [0x343c0000, 0x3451eaf0, 0x3451ec00, 0x34fc0000)
    ro space 10240K,  45% used [0x383c0000, 0x38849b28, 0x38849c00, 0x38dc0000)
    rw space 12288K,  54% used [0x38dc0000, 0x3944d0e8, 0x3944d200, 0x399c0000)
}

