# JRE version: 7.0_25-b16
# Java VM: Java HotSpot(TM) Client VM (23.25-b01 mixed mode, sharing windows-x86 )
Heap
 def new generation   total 4928K, used 3867K [0x243c0000, 0x24910000, 0x29910000)
  eden space 4416K,  80% used [0x243c0000, 0x2473a140, 0x24810000)
  from space 512K,  59% used [0x24810000, 0x2485cb80, 0x24890000)
  to   space 512K,   0% used [0x24890000, 0x24890000, 0x24910000)
 tenured generation   total 10944K, used 3734K [0x29910000, 0x2a3c0000, 0x343c0000)
   the space 10944K,  34% used [0x29910000, 0x29cb5898, 0x29cb5a00, 0x2a3c0000)
 compacting perm gen  total 12288K, used 1815K [0x343c0000, 0x34fc0000, 0x383c0000)
   the space 12288K,  14% used [0x343c0000, 0x34585ed8, 0x34586000, 0x34fc0000)
    ro space 10240K,  45% used [0x383c0000, 0x38849b28, 0x38849c00, 0x38dc0000)
    rw space 12288K,  54% used [0x38dc0000, 0x3944d0e8, 0x3944d200, 0x399c0000)
GC Heap History (10 events):
Event: 16.381 GC heap before
{Heap before GC invocations=11 (full 0):
 def new generation   total 4928K, used 4664K [0x243c0000, 0x24910000, 0x29910000)
  eden space 4416K,  98% used [0x243c0000, 0x24801700, 0x24810000)
  from space 512K,  59% used [0x24890000, 0x248dc9f8, 0x24910000)
  to   space 512K,   0% used [0x24810000, 0x24810000, 0x24890000)
 tenured generation   total 10944K, used 3733K [0x29910000, 0x2a3c0000, 0x343c0000)
   the space 10944K,  34% used [0x29910000, 0x29cb5708, 0x29cb5800, 0x2a3c0000)
 compacting perm gen  total 12288K, used 1815K [0x343c0000, 0x34fc0000, 0x383c0000)
   the space 12288K,  14% used [0x343c0000, 0x34585e88, 0x34586000, 0x34fc0000)
    ro space 10240K,  45% used [0x383c0000, 0x38849b28, 0x38849c00, 0x38dc0000)
    rw space 12288K,  54% used [0x38dc0000, 0x3944d0e8, 0x3944d200, 0x399c0000)
Event: 16.381 GC heap after
Heap after GC invocations=12 (full 0):
 def new generation   total 4928K, used 306K [0x243c0000, 0x24910000, 0x29910000)
  eden space 4416K,   0% used [0x243c0000, 0x243c0000, 0x24810000)
  from space 512K,  59% used [0x24810000, 0x2485c9f8, 0x24890000)
  to   space 512K,   0% used [0x24890000, 0x24890000, 0x24910000)
 tenured generation   total 10944K, used 3733K [0x29910000, 0x2a3c0000, 0x343c0000)
   the space 10944K,  34% used [0x29910000, 0x29cb5758, 0x29cb5800, 0x2a3c0000)
 compacting perm gen  total 12288K, used 1815K [0x343c0000, 0x34fc0000, 0x383c0000)
   the space 12288K,  14% used [0x343c0000, 0x34585e88, 0x34586000, 0x34fc0000)
    ro space 10240K,  45% used [0x383c0000, 0x38849b28, 0x38849c00, 0x38dc0000)
    rw space 12288K,  54% used [0x38dc0000, 0x3944d0e8, 0x3944d200, 0x399c0000)
}
Event: 17.676 GC heap before
{Heap before GC invocations=12 (full 0):
 def new generation   total 4928K, used 4647K [0x243c0000, 0x24910000, 0x29910000)
  eden space 4416K,  98% used [0x243c0000, 0x247fd298, 0x24810000)
  from space 512K,  59% used [0x24810000, 0x2485c9f8, 0x24890000)
  to   space 512K,   0% used [0x24890000, 0x24890000, 0x24910000)
 tenured generation   total 10944K, used 3733K [0x29910000, 0x2a3c0000, 0x343c0000)
   the space 10944K,  34% used [0x29910000, 0x29cb5758, 0x29cb5800, 0x2a3c0000)
 compacting perm gen  total 12288K, used 1815K [0x343c0000, 0x34fc0000, 0x383c0000)
   the space 12288K,  14% used [0x343c0000, 0x34585e88, 0x34586000, 0x34fc0000)
    ro space 10240K,  45% used [0x383c0000, 0x38849b28, 0x38849c00, 0x38dc0000)
    rw space 12288K,  54% used [0x38dc0000, 0x3944d0e8, 0x3944d200, 0x399c0000)
Event: 17.677 GC heap after
Heap after GC invocations=13 (full 0):
 def new generation   total 4928K, used 306K [0x243c0000, 0x24910000, 0x29910000)
  eden space 4416K,   0% used [0x243c0000, 0x243c0000, 0x24810000)
  from space 512K,  59% used [0x24890000, 0x248dc9f8, 0x24910000)
  to   space 512K,   0% used [0x24810000, 0x24810000, 0x24890000)
 tenured generation   total 10944K, used 3733K [0x29910000, 0x2a3c0000, 0x343c0000)
   the space 10944K,  34% used [0x29910000, 0x29cb57a8, 0x29cb5800, 0x2a3c0000)
 compacting perm gen  total 12288K, used 1815K [0x343c0000, 0x34fc0000, 0x383c0000)
   the space 12288K,  14% used [0x343c0000, 0x34585e88, 0x34586000, 0x34fc0000)
    ro space 10240K,  45% used [0x383c0000, 0x38849b28, 0x38849c00, 0x38dc0000)
    rw space 12288K,  54% used [0x38dc0000, 0x3944d0e8, 0x3944d200, 0x399c0000)
}
Event: 18.966 GC heap before
{Heap before GC invocations=13 (full 0):
 def new generation   total 4928K, used 4652K [0x243c0000, 0x24910000, 0x29910000)
  eden space 4416K,  98% used [0x243c0000, 0x247fe730, 0x24810000)
  from space 512K,  59% used [0x24890000, 0x248dc9f8, 0x24910000)
  to   space 512K,   0% used [0x24810000, 0x24810000, 0x24890000)
 tenured generation   total 10944K, used 3733K [0x29910000, 0x2a3c0000, 0x343c0000)
   the space 10944K,  34% used [0x29910000, 0x29cb57a8, 0x29cb5800, 0x2a3c0000)
 compacting perm gen  total 12288K, used 1815K [0x343c0000, 0x34fc0000, 0x383c0000)
   the space 12288K,  14% used [0x343c0000, 0x34585ea8, 0x34586000, 0x34fc0000)
    ro space 10240K,  45% used [0x383c0000, 0x38849b28, 0x38849c00, 0x38dc0000)
    rw space 12288K,  54% used [0x38dc0000, 0x3944d0e8, 0x3944d200, 0x399c0000)
Event: 18.967 GC heap after
Heap after GC invocations=14 (full 0):
 def new generation   total 4928K, used 306K [0x243c0000, 0x24910000, 0x29910000)
  eden space 4416K,   0% used [0x243c0000, 0x243c0000, 0x24810000)
  from space 512K,  59% used [0x24810000, 0x2485c9f8, 0x24890000)
  to   space 512K,   0% used [0x24890000, 0x24890000, 0x24910000)
 tenured generation   total 10944K, used 3733K [0x29910000, 0x2a3c0000, 0x343c0000)
   the space 10944K,  34% used [0x29910000, 0x29cb57f8, 0x29cb5800, 0x2a3c0000)
 compacting perm gen  total 12288K, used 1815K [0x343c0000, 0x34fc0000, 0x383c0000)
   the space 12288K,  14% used [0x343c0000, 0x34585ea8, 0x34586000, 0x34fc0000)
    ro space 10240K,  45% used [0x383c0000, 0x38849b28, 0x38849c00, 0x38dc0000)
    rw space 12288K,  54% used [0x38dc0000, 0x3944d0e8, 0x3944d200, 0x399c0000)
}
Event: 20.538 GC heap before
{Heap before GC invocations=14 (full 0):
 def new generation   total 4928K, used 4665K [0x243c0000, 0x24910000, 0x29910000)
  eden space 4416K,  98% used [0x243c0000, 0x24801cb8, 0x24810000)
  from space 512K,  59% used [0x24810000, 0x2485c9f8, 0x24890000)
  to   space 512K,   0% used [0x24890000, 0x24890000, 0x24910000)
 tenured generation   total 10944K, used 3733K [0x29910000, 0x2a3c0000, 0x343c0000)
   the space 10944K,  34% used [0x29910000, 0x29cb57f8, 0x29cb5800, 0x2a3c0000)
 compacting perm gen  total 12288K, used 1815K [0x343c0000, 0x34fc0000, 0x383c0000)
   the space 12288K,  14% used [0x343c0000, 0x34585ea8, 0x34586000, 0x34fc0000)
    ro space 10240K,  45% used [0x383c0000, 0x38849b28, 0x38849c00, 0x38dc0000)
    rw space 12288K,  54% used [0x38dc0000, 0x3944d0e8, 0x3944d200, 0x399c0000)
Event: 20.538 GC heap after
Heap after GC invocations=15 (full 0):
 def new generation   total 4928K, used 306K [0x243c0000, 0x24910000, 0x29910000)
  eden space 4416K,   0% used [0x243c0000, 0x243c0000, 0x24810000)
  from space 512K,  59% used [0x24890000, 0x248dc9f8, 0x24910000)
  to   space 512K,   0% used [0x24810000, 0x24810000, 0x24890000)
 tenured generation   total 10944K, used 3734K [0x29910000, 0x2a3c0000, 0x343c0000)
   the space 10944K,  34% used [0x29910000, 0x29cb5848, 0x29cb5a00, 0x2a3c0000)
 compacting perm gen  total 12288K, used 1815K [0x343c0000, 0x34fc0000, 0x383c0000)
   the space 12288K,  14% used [0x343c0000, 0x34585ea8, 0x34586000, 0x34fc0000)
    ro space 10240K,  45% used [0x383c0000, 0x38849b28, 0x38849c00, 0x38dc0000)
    rw space 12288K,  54% used [0x38dc0000, 0x3944d0e8, 0x3944d200, 0x399c0000)
}
Event: 22.092 GC heap before
{Heap before GC invocations=15 (full 0):
 def new generation   total 4928K, used 4662K [0x243c0000, 0x24910000, 0x29910000)
  eden space 4416K,  98% used [0x243c0000, 0x24801138, 0x24810000)
  from space 512K,  59% used [0x24890000, 0x248dc9f8, 0x24910000)
  to   space 512K,   0% used [0x24810000, 0x24810000, 0x24890000)
 tenured generation   total 10944K, used 3734K [0x29910000, 0x2a3c0000, 0x343c0000)
   the space 10944K,  34% used [0x29910000, 0x29cb5848, 0x29cb5a00, 0x2a3c0000)
 compacting perm gen  total 12288K, used 1815K [0x343c0000, 0x34fc0000, 0x383c0000)
   the space 12288K,  14% used [0x343c0000, 0x34585ed8, 0x34586000, 0x34fc0000)
    ro space 10240K,  45% used [0x383c0000, 0x38849b28, 0x38849c00, 0x38dc0000)
    rw space 12288K,  54% used [0x38dc0000, 0x3944d0e8, 0x3944d200, 0x399c0000)
Event: 22.092 GC heap after
Heap after GC invocations=16 (full 0):
 def new generation   total 4928K, used 306K [0x243c0000, 0x24910000, 0x29910000)
  eden space 4416K,   0% used [0x243c0000, 0x243c0000, 0x24810000)
  from space 512K,  59% used [0x24810000, 0x2485cb80, 0x24890000)
  to   space 512K,   0% used [0x24890000, 0x24890000, 0x24910000)
 tenured generation   total 10944K, used 3734K [0x29910000, 0x2a3c0000, 0x343c0000)
   the space 10944K,  34% used [0x29910000, 0x29cb5898, 0x29cb5a00, 0x2a3c0000)
 compacting perm gen  total 12288K, used 1815K [0x343c0000, 0x34fc0000, 0x383c0000)
   the space 12288K,  14% used [0x343c0000, 0x34585ed8, 0x34586000, 0x34fc0000)
    ro space 10240K,  45% used [0x383c0000, 0x38849b28, 0x38849c00, 0x38dc0000)
    rw space 12288K,  54% used [0x38dc0000, 0x3944d0e8, 0x3944d200, 0x399c0000)
}

